<?xml version="1.0" encoding="UTF-8"?>
<robot generator="Robot 6.0.2 (Python 3.9.13 on win32)" generated="20230530 08:18:48.207" rpa="false" schemaversion="3">
<suite id="s1" name="Suites">
<suite id="s1-s1" name="MultipleBrowser" source="D:\Robot\TestCases\MultipleBrowser.robot">
<test id="s1-s1-t1" name="Multi Browser" line="9">
<kw name="Open Browser" library="SeleniumLibrary">
<arg>https://google.com/</arg>
<arg>chrome</arg>
<doc>Opens a new browser instance to the optional ``url``.</doc>
<msg timestamp="20230530 08:18:48.451" level="INFO">Opening browser 'chrome' to base url 'https://google.com/'.</msg>
<msg timestamp="20230530 08:18:48.462" level="INFO">Applicable driver not found; attempting to install with Selenium Manager (Beta)</msg>
<status status="PASS" starttime="20230530 08:18:48.450" endtime="20230530 08:18:51.108"/>
</kw>
<kw name="Maximize Browser Window" library="SeleniumLibrary">
<doc>Maximizes current browser window.</doc>
<status status="PASS" starttime="20230530 08:18:51.108" endtime="20230530 08:18:51.235"/>
</kw>
<kw name="Sleep" library="BuiltIn">
<arg>1</arg>
<doc>Pauses the test executed for the given time.</doc>
<msg timestamp="20230530 08:18:52.237" level="INFO">Slept 1 second</msg>
<status status="PASS" starttime="20230530 08:18:51.235" endtime="20230530 08:18:52.237"/>
</kw>
<kw name="Open Browser" library="SeleniumLibrary">
<arg>https://bing.com/</arg>
<arg>chrome</arg>
<doc>Opens a new browser instance to the optional ``url``.</doc>
<msg timestamp="20230530 08:18:52.238" level="INFO">Opening browser 'chrome' to base url 'https://bing.com/'.</msg>
<msg timestamp="20230530 08:18:52.248" level="INFO">Applicable driver not found; attempting to install with Selenium Manager (Beta)</msg>
<status status="PASS" starttime="20230530 08:18:52.237" endtime="20230530 08:18:53.881"/>
</kw>
<kw name="Maximize Browser Window" library="SeleniumLibrary">
<doc>Maximizes current browser window.</doc>
<status status="PASS" starttime="20230530 08:18:53.882" endtime="20230530 08:18:54.033"/>
</kw>
<kw name="Switch Browser" library="SeleniumLibrary">
<arg>1</arg>
<doc>Switches between active browsers using ``index_or_alias``.</doc>
<status status="PASS" starttime="20230530 08:18:54.033" endtime="20230530 08:18:54.035"/>
</kw>
<kw name="Get Title" library="SeleniumLibrary">
<var>${title1}</var>
<doc>Returns the title of the current page.</doc>
<msg timestamp="20230530 08:18:54.054" level="INFO">${title1} = Google</msg>
<status status="PASS" starttime="20230530 08:18:54.035" endtime="20230530 08:18:54.054"/>
</kw>
<kw name="Log To Console" library="BuiltIn">
<arg>${title1}</arg>
<doc>Logs the given message to the console.</doc>
<status status="PASS" starttime="20230530 08:18:54.055" endtime="20230530 08:18:54.056"/>
</kw>
<kw name="Switch Browser" library="SeleniumLibrary">
<arg>2</arg>
<doc>Switches between active browsers using ``index_or_alias``.</doc>
<status status="PASS" starttime="20230530 08:18:54.056" endtime="20230530 08:18:54.057"/>
</kw>
<kw name="Get Title" library="SeleniumLibrary">
<var>${title2}</var>
<doc>Returns the title of the current page.</doc>
<msg timestamp="20230530 08:18:54.073" level="INFO">${title2} = Bing</msg>
<status status="PASS" starttime="20230530 08:18:54.057" endtime="20230530 08:18:54.073"/>
</kw>
<kw name="Log To Console" library="BuiltIn">
<arg>${title2}</arg>
<doc>Logs the given message to the console.</doc>
<status status="PASS" starttime="20230530 08:18:54.074" endtime="20230530 08:18:54.074"/>
</kw>
<kw name="Sleep" library="BuiltIn">
<arg>1</arg>
<doc>Pauses the test executed for the given time.</doc>
<msg timestamp="20230530 08:18:55.078" level="INFO">Slept 1 second</msg>
<status status="PASS" starttime="20230530 08:18:54.075" endtime="20230530 08:18:55.078"/>
</kw>
<kw name="Close All Browsers" library="SeleniumLibrary">
<doc>Closes all open browsers and resets the browser cache.</doc>
<status status="PASS" starttime="20230530 08:18:55.078" endtime="20230530 08:19:08.956"/>
</kw>
<status status="PASS" starttime="20230530 08:18:48.449" endtime="20230530 08:19:08.956"/>
</test>
<status status="PASS" starttime="20230530 08:18:48.233" endtime="20230530 08:19:08.957"/>
</suite>
<status status="PASS" starttime="20230530 08:18:48.218" endtime="20230530 08:19:08.959"/>
</suite>
<statistics>
<total>
<stat pass="1" fail="0" skip="0">All Tests</stat>
</total>
<tag>
</tag>
<suite>
<stat pass="1" fail="0" skip="0" id="s1" name="Suites">Suites</stat>
<stat pass="1" fail="0" skip="0" id="s1-s1" name="MultipleBrowser">Suites.MultipleBrowser</stat>
</suite>
</statistics>
<errors>
</errors>
</robot>
