<?xml version="1.0" encoding="UTF-8"?>
<robot generator="Robot 6.0.2 (Python 3.9.13 on win32)" generated="20230530 08:18:41.805" rpa="false" schemaversion="3">
<suite id="s1" name="Suites">
<suite id="s1-s1" name="MouseOver" source="D:\Robot\TestCases\MouseOver.robot">
<test id="s1-s1-t1" name="MouseOver" line="7">
<kw name="Open Browser" library="SeleniumLibrary">
<arg>https://swisnl.github.io/jQuery-contextMenu/demo.html</arg>
<arg>chrome</arg>
<doc>Opens a new browser instance to the optional ``url``.</doc>
<msg timestamp="20230530 08:18:42.065" level="INFO">Opening browser 'chrome' to base url 'https://swisnl.github.io/jQuery-contextMenu/demo.html'.</msg>
<msg timestamp="20230530 08:18:42.076" level="INFO">Applicable driver not found; attempting to install with Selenium Manager (Beta)</msg>
<status status="PASS" starttime="20230530 08:18:42.064" endtime="20230530 08:18:44.675"/>
</kw>
<kw name="Maximize Browser Window" library="SeleniumLibrary">
<doc>Maximizes current browser window.</doc>
<status status="PASS" starttime="20230530 08:18:44.676" endtime="20230530 08:18:44.810"/>
</kw>
<kw name="Open Context Menu" library="SeleniumLibrary">
<arg>xpath://span[@class='context-menu-one btn btn-neutral']</arg>
<doc>Opens the context menu on the element identified by ``locator``.</doc>
<status status="PASS" starttime="20230530 08:18:44.810" endtime="20230530 08:18:45.110"/>
</kw>
<kw name="Sleep" library="BuiltIn">
<arg>1</arg>
<doc>Pauses the test executed for the given time.</doc>
<msg timestamp="20230530 08:18:46.126" level="INFO">Slept 1 second</msg>
<status status="PASS" starttime="20230530 08:18:45.110" endtime="20230530 08:18:46.126"/>
</kw>
<kw name="Go To" library="SeleniumLibrary">
<arg>https://testautomationpractice.blogspot.com/</arg>
<doc>Navigates the current browser window to the provided ``url``.</doc>
<msg timestamp="20230530 08:18:46.127" level="INFO">Opening url 'https://testautomationpractice.blogspot.com/'</msg>
<status status="PASS" starttime="20230530 08:18:46.126" endtime="20230530 08:18:50.745"/>
</kw>
<kw name="Maximize Browser Window" library="SeleniumLibrary">
<doc>Maximizes current browser window.</doc>
<status status="PASS" starttime="20230530 08:18:50.745" endtime="20230530 08:18:50.747"/>
</kw>
<kw name="Double Click Element" library="SeleniumLibrary">
<arg>xpath://button[contains(text(),'Copy Text')]</arg>
<doc>Double clicks the element identified by ``locator``.</doc>
<msg timestamp="20230530 08:18:50.749" level="INFO">Double clicking element 'xpath://button[contains(text(),'Copy Text')]'.</msg>
<status status="PASS" starttime="20230530 08:18:50.747" endtime="20230530 08:18:51.044"/>
</kw>
<kw name="Sleep" library="BuiltIn">
<arg>1</arg>
<doc>Pauses the test executed for the given time.</doc>
<msg timestamp="20230530 08:18:52.053" level="INFO">Slept 1 second</msg>
<status status="PASS" starttime="20230530 08:18:51.044" endtime="20230530 08:18:52.053"/>
</kw>
<kw name="Go To" library="SeleniumLibrary">
<arg>http://dhtmlgoodies.com/scripts/drag-drop-custom/demo-drag-drop-3.html</arg>
<doc>Navigates the current browser window to the provided ``url``.</doc>
<msg timestamp="20230530 08:18:52.053" level="INFO">Opening url 'http://dhtmlgoodies.com/scripts/drag-drop-custom/demo-drag-drop-3.html'</msg>
<status status="PASS" starttime="20230530 08:18:52.053" endtime="20230530 08:18:53.941"/>
</kw>
<kw name="Drag And Drop" library="SeleniumLibrary">
<arg>id:box6</arg>
<arg>id:box106</arg>
<doc>Drags the element identified by ``locator`` into the ``target`` element.</doc>
<status status="PASS" starttime="20230530 08:18:53.942" endtime="20230530 08:18:54.541"/>
</kw>
<kw name="Sleep" library="BuiltIn">
<arg>1</arg>
<doc>Pauses the test executed for the given time.</doc>
<msg timestamp="20230530 08:18:55.550" level="INFO">Slept 1 second</msg>
<status status="PASS" starttime="20230530 08:18:54.541" endtime="20230530 08:18:55.550"/>
</kw>
<kw name="Close Browser" library="SeleniumLibrary">
<doc>Closes the current browser.</doc>
<status status="PASS" starttime="20230530 08:18:55.550" endtime="20230530 08:18:57.664"/>
</kw>
<status status="PASS" starttime="20230530 08:18:42.064" endtime="20230530 08:18:57.664"/>
</test>
<status status="PASS" starttime="20230530 08:18:41.837" endtime="20230530 08:18:57.665"/>
</suite>
<status status="PASS" starttime="20230530 08:18:41.817" endtime="20230530 08:18:57.671"/>
</suite>
<statistics>
<total>
<stat pass="1" fail="0" skip="0">All Tests</stat>
</total>
<tag>
</tag>
<suite>
<stat pass="1" fail="0" skip="0" id="s1" name="Suites">Suites</stat>
<stat pass="1" fail="0" skip="0" id="s1-s1" name="MouseOver">Suites.MouseOver</stat>
</suite>
</statistics>
<errors>
</errors>
</robot>
