<?xml version="1.0" encoding="UTF-8"?>
<robot generator="Robot 6.0.2 (Python 3.9.13 on win32)" generated="20230530 04:40:09.566" rpa="false" schemaversion="3">
<suite id="s1" name="NavigationalKeywords" source="D:\Robot\TestCases\NavigationalKeywords.robot">
<test id="s1-t1" name="NavigaitionTest" line="9">
<kw name="Open Browser" library="SeleniumLibrary">
<arg>https://google.com/</arg>
<arg>chrome</arg>
<doc>Opens a new browser instance to the optional ``url``.</doc>
<msg timestamp="20230530 04:40:09.781" level="INFO">Opening browser 'chrome' to base url 'https://google.com/'.</msg>
<msg timestamp="20230530 04:40:09.792" level="INFO">Applicable driver not found; attempting to install with Selenium Manager (Beta)</msg>
<status status="PASS" starttime="20230530 04:40:09.781" endtime="20230530 04:40:12.909"/>
</kw>
<kw name="Maximize Browser Window" library="SeleniumLibrary">
<doc>Maximizes current browser window.</doc>
<status status="PASS" starttime="20230530 04:40:12.910" endtime="20230530 04:40:13.032"/>
</kw>
<kw name="Get Location" library="SeleniumLibrary">
<var>${log}</var>
<doc>Returns the current browser window URL.</doc>
<msg timestamp="20230530 04:40:13.040" level="INFO">${log} = https://www.google.com/</msg>
<status status="PASS" starttime="20230530 04:40:13.032" endtime="20230530 04:40:13.040"/>
</kw>
<kw name="Log To Console" library="BuiltIn">
<arg>${log}</arg>
<doc>Logs the given message to the console.</doc>
<status status="PASS" starttime="20230530 04:40:13.041" endtime="20230530 04:40:13.042"/>
</kw>
<kw name="Sleep" library="BuiltIn">
<arg>3</arg>
<doc>Pauses the test executed for the given time.</doc>
<msg timestamp="20230530 04:40:16.058" level="INFO">Slept 3 seconds</msg>
<status status="PASS" starttime="20230530 04:40:13.043" endtime="20230530 04:40:16.058"/>
</kw>
<kw name="Go To" library="SeleniumLibrary">
<arg>https://bing.com/</arg>
<doc>Navigates the current browser window to the provided ``url``.</doc>
<msg timestamp="20230530 04:40:16.059" level="INFO">Opening url 'https://bing.com/'</msg>
<status status="PASS" starttime="20230530 04:40:16.059" endtime="20230530 04:40:16.833"/>
</kw>
<kw name="Get Location" library="SeleniumLibrary">
<var>${log}</var>
<doc>Returns the current browser window URL.</doc>
<msg timestamp="20230530 04:40:16.837" level="INFO">${log} = https://www.bing.com/?toWww=1&amp;redig=82E5503A87834761BB42712DC9F0CFCF</msg>
<status status="PASS" starttime="20230530 04:40:16.833" endtime="20230530 04:40:16.837"/>
</kw>
<kw name="Log To Console" library="BuiltIn">
<arg>${log}</arg>
<doc>Logs the given message to the console.</doc>
<status status="PASS" starttime="20230530 04:40:16.838" endtime="20230530 04:40:16.838"/>
</kw>
<kw name="Sleep" library="BuiltIn">
<arg>3</arg>
<doc>Pauses the test executed for the given time.</doc>
<msg timestamp="20230530 04:40:19.849" level="INFO">Slept 3 seconds</msg>
<status status="PASS" starttime="20230530 04:40:16.838" endtime="20230530 04:40:19.849"/>
</kw>
<kw name="Go Back" library="SeleniumLibrary">
<doc>Simulates the user clicking the back button on their browser.</doc>
<status status="PASS" starttime="20230530 04:40:19.850" endtime="20230530 04:40:19.871"/>
</kw>
<kw name="Get Location" library="SeleniumLibrary">
<var>${log}</var>
<doc>Returns the current browser window URL.</doc>
<msg timestamp="20230530 04:40:19.879" level="INFO">${log} = https://www.google.com/</msg>
<status status="PASS" starttime="20230530 04:40:19.871" endtime="20230530 04:40:19.879"/>
</kw>
<kw name="Log To Console" library="BuiltIn">
<arg>${log}</arg>
<doc>Logs the given message to the console.</doc>
<status status="PASS" starttime="20230530 04:40:19.880" endtime="20230530 04:40:19.880"/>
</kw>
<kw name="Close Browser" library="SeleniumLibrary">
<doc>Closes the current browser.</doc>
<status status="PASS" starttime="20230530 04:40:19.880" endtime="20230530 04:40:21.989"/>
</kw>
<status status="PASS" starttime="20230530 04:40:09.780" endtime="20230530 04:40:21.990"/>
</test>
<status status="PASS" starttime="20230530 04:40:09.568" endtime="20230530 04:40:21.991"/>
</suite>
<statistics>
<total>
<stat pass="1" fail="0" skip="0">All Tests</stat>
</total>
<tag>
</tag>
<suite>
<stat pass="1" fail="0" skip="0" id="s1" name="NavigationalKeywords">NavigationalKeywords</stat>
</suite>
</statistics>
<errors>
</errors>
</robot>
