<?xml version="1.0" encoding="UTF-8"?>
<robot generator="Robot 6.0.2 (Python 3.9.13 on win32)" generated="20230530 08:18:40.777" rpa="false" schemaversion="3">
<suite id="s1" name="Suites">
<suite id="s1-s1" name="Loop" source="D:\Robot\TestCases\Loop.robot">
<test id="s1-s1-t1" name="ForLoop6withExit" line="31">
<kw name="Create List" library="BuiltIn">
<var>@{items}</var>
<arg>1</arg>
<arg>2</arg>
<arg>3</arg>
<arg>4</arg>
<arg>5</arg>
<arg>6</arg>
<arg>7</arg>
<arg>8</arg>
<arg>9</arg>
<arg>10</arg>
<doc>Returns a list containing given items.</doc>
<msg timestamp="20230530 08:18:41.063" level="INFO">@{items} = [ 1 | 2 | 3 | 4 | 5 | 6 | 7 | 8 | 9 | 10 ]</msg>
<status status="PASS" starttime="20230530 08:18:41.062" endtime="20230530 08:18:41.063"/>
</kw>
<for flavor="IN">
<var>${i}</var>
<value>@{items}</value>
<iter>
<var name="${i}">1</var>
<kw name="Log To Console" library="BuiltIn">
<arg>${i}</arg>
<doc>Logs the given message to the console.</doc>
<status status="PASS" starttime="20230530 08:18:41.063" endtime="20230530 08:18:41.064"/>
</kw>
<kw name="Exit For Loop If" library="BuiltIn">
<arg>${i}==5</arg>
<doc>Stops executing the enclosing FOR loop if the ``condition`` is true.</doc>
<status status="PASS" starttime="20230530 08:18:41.064" endtime="20230530 08:18:41.064"/>
</kw>
<status status="PASS" starttime="20230530 08:18:41.063" endtime="20230530 08:18:41.064"/>
</iter>
<iter>
<var name="${i}">2</var>
<kw name="Log To Console" library="BuiltIn">
<arg>${i}</arg>
<doc>Logs the given message to the console.</doc>
<status status="PASS" starttime="20230530 08:18:41.065" endtime="20230530 08:18:41.065"/>
</kw>
<kw name="Exit For Loop If" library="BuiltIn">
<arg>${i}==5</arg>
<doc>Stops executing the enclosing FOR loop if the ``condition`` is true.</doc>
<status status="PASS" starttime="20230530 08:18:41.065" endtime="20230530 08:18:41.066"/>
</kw>
<status status="PASS" starttime="20230530 08:18:41.064" endtime="20230530 08:18:41.067"/>
</iter>
<iter>
<var name="${i}">3</var>
<kw name="Log To Console" library="BuiltIn">
<arg>${i}</arg>
<doc>Logs the given message to the console.</doc>
<status status="PASS" starttime="20230530 08:18:41.067" endtime="20230530 08:18:41.068"/>
</kw>
<kw name="Exit For Loop If" library="BuiltIn">
<arg>${i}==5</arg>
<doc>Stops executing the enclosing FOR loop if the ``condition`` is true.</doc>
<status status="PASS" starttime="20230530 08:18:41.068" endtime="20230530 08:18:41.069"/>
</kw>
<status status="PASS" starttime="20230530 08:18:41.067" endtime="20230530 08:18:41.069"/>
</iter>
<iter>
<var name="${i}">4</var>
<kw name="Log To Console" library="BuiltIn">
<arg>${i}</arg>
<doc>Logs the given message to the console.</doc>
<status status="PASS" starttime="20230530 08:18:41.069" endtime="20230530 08:18:41.070"/>
</kw>
<kw name="Exit For Loop If" library="BuiltIn">
<arg>${i}==5</arg>
<doc>Stops executing the enclosing FOR loop if the ``condition`` is true.</doc>
<status status="PASS" starttime="20230530 08:18:41.070" endtime="20230530 08:18:41.070"/>
</kw>
<status status="PASS" starttime="20230530 08:18:41.069" endtime="20230530 08:18:41.071"/>
</iter>
<iter>
<var name="${i}">5</var>
<kw name="Log To Console" library="BuiltIn">
<arg>${i}</arg>
<doc>Logs the given message to the console.</doc>
<status status="PASS" starttime="20230530 08:18:41.071" endtime="20230530 08:18:41.071"/>
</kw>
<kw name="Exit For Loop If" library="BuiltIn">
<arg>${i}==5</arg>
<doc>Stops executing the enclosing FOR loop if the ``condition`` is true.</doc>
<msg timestamp="20230530 08:18:41.072" level="INFO">Exiting for loop altogether.</msg>
<status status="PASS" starttime="20230530 08:18:41.071" endtime="20230530 08:18:41.072"/>
</kw>
<status status="PASS" starttime="20230530 08:18:41.071" endtime="20230530 08:18:41.072"/>
</iter>
<status status="PASS" starttime="20230530 08:18:41.063" endtime="20230530 08:18:41.072"/>
</for>
<status status="PASS" starttime="20230530 08:18:41.062" endtime="20230530 08:18:41.072"/>
</test>
<status status="PASS" starttime="20230530 08:18:40.813" endtime="20230530 08:18:41.073"/>
</suite>
<status status="PASS" starttime="20230530 08:18:40.789" endtime="20230530 08:18:41.144"/>
</suite>
<statistics>
<total>
<stat pass="1" fail="0" skip="0">All Tests</stat>
</total>
<tag>
</tag>
<suite>
<stat pass="1" fail="0" skip="0" id="s1" name="Suites">Suites</stat>
<stat pass="1" fail="0" skip="0" id="s1-s1" name="Loop">Suites.Loop</stat>
</suite>
</statistics>
<errors>
</errors>
</robot>
