<?xml version="1.0" encoding="UTF-8"?>
<robot generator="Robot 6.0.2 (Python 3.9.13 on win32)" generated="20230530 08:19:09.597" rpa="false" schemaversion="3">
<suite id="s1" name="Suites">
<suite id="s1-s1" name="Radiobuttons" source="D:\Robot\TestCases\Radiobuttons.robot">
<test id="s1-s1-t1" name="Radio button" line="9">
<kw name="Open Browser" library="SeleniumLibrary">
<arg>${url}</arg>
<arg>${browser}</arg>
<doc>Opens a new browser instance to the optional ``url``.</doc>
<msg timestamp="20230530 08:19:09.934" level="INFO">Opening browser 'chrome' to base url 'https://demo.nopcommerce.com/'.</msg>
<msg timestamp="20230530 08:19:09.949" level="INFO">Applicable driver not found; attempting to install with Selenium Manager (Beta)</msg>
<status status="PASS" starttime="20230530 08:19:09.933" endtime="20230530 08:19:12.113"/>
</kw>
<kw name="Maximize Browser Window" library="SeleniumLibrary">
<doc>Maximizes current browser window.</doc>
<status status="PASS" starttime="20230530 08:19:12.113" endtime="20230530 08:19:12.232"/>
</kw>
<kw name="Title Should Be" library="SeleniumLibrary">
<arg>nopCommerce demo store</arg>
<doc>Verifies that the current page title equals ``title``.</doc>
<msg timestamp="20230530 08:19:12.238" level="INFO">Page title is 'nopCommerce demo store'.</msg>
<status status="PASS" starttime="20230530 08:19:12.233" endtime="20230530 08:19:12.238"/>
</kw>
<kw name="Click Link" library="SeleniumLibrary">
<arg>xpath://a[@class='ico-login']</arg>
<doc>Clicks a link identified by ``locator``.</doc>
<msg timestamp="20230530 08:19:12.239" level="INFO">Clicking link 'xpath://a[@class='ico-login']'.</msg>
<status status="PASS" starttime="20230530 08:19:12.238" endtime="20230530 08:19:13.146"/>
</kw>
<kw name="Input Text" library="SeleniumLibrary">
<arg>id:Email</arg>
<arg>test@gmail.com</arg>
<doc>Types the given ``text`` into the text field identified by ``locator``.</doc>
<msg timestamp="20230530 08:19:13.147" level="INFO">Typing text 'test@gmail.com' into text field 'id:Email'.</msg>
<status status="PASS" starttime="20230530 08:19:13.146" endtime="20230530 08:19:13.230"/>
</kw>
<kw name="Input Text" library="SeleniumLibrary">
<arg>id:Password</arg>
<arg>123456</arg>
<doc>Types the given ``text`` into the text field identified by ``locator``.</doc>
<msg timestamp="20230530 08:19:13.230" level="INFO">Typing text '123456' into text field 'id:Password'.</msg>
<status status="PASS" starttime="20230530 08:19:13.230" endtime="20230530 08:19:13.299"/>
</kw>
<kw name="Click Element" library="SeleniumLibrary">
<arg>xpath://button[text()='Log in']</arg>
<doc>Click the element identified by ``locator``.</doc>
<msg timestamp="20230530 08:19:13.300" level="INFO">Clicking element 'xpath://button[text()='Log in']'.</msg>
<status status="PASS" starttime="20230530 08:19:13.299" endtime="20230530 08:19:13.927"/>
</kw>
<kw name="Click Link" library="SeleniumLibrary">
<arg>xpath://a[@class='ico-account']</arg>
<doc>Clicks a link identified by ``locator``.</doc>
<msg timestamp="20230530 08:19:13.928" level="INFO">Clicking link 'xpath://a[@class='ico-account']'.</msg>
<status status="PASS" starttime="20230530 08:19:13.927" endtime="20230530 08:19:14.273"/>
</kw>
<kw name="Select Radio Button" library="SeleniumLibrary">
<arg>Gender</arg>
<arg>M</arg>
<doc>Sets the radio button group ``group_name`` to ``value``.</doc>
<msg timestamp="20230530 08:19:14.274" level="INFO">Selecting 'M' from radio button 'Gender'.</msg>
<status status="PASS" starttime="20230530 08:19:14.273" endtime="20230530 08:19:14.332"/>
</kw>
<kw name="Sleep" library="BuiltIn">
<arg>1</arg>
<doc>Pauses the test executed for the given time.</doc>
<msg timestamp="20230530 08:19:15.344" level="INFO">Slept 1 second</msg>
<status status="PASS" starttime="20230530 08:19:14.332" endtime="20230530 08:19:15.344"/>
</kw>
<kw name="Select Radio Button" library="SeleniumLibrary">
<arg>Gender</arg>
<arg>F</arg>
<doc>Sets the radio button group ``group_name`` to ``value``.</doc>
<msg timestamp="20230530 08:19:15.347" level="INFO">Selecting 'F' from radio button 'Gender'.</msg>
<status status="PASS" starttime="20230530 08:19:15.345" endtime="20230530 08:19:15.418"/>
</kw>
<kw name="Sleep" library="BuiltIn">
<arg>1</arg>
<doc>Pauses the test executed for the given time.</doc>
<msg timestamp="20230530 08:19:16.424" level="INFO">Slept 1 second</msg>
<status status="PASS" starttime="20230530 08:19:15.419" endtime="20230530 08:19:16.424"/>
</kw>
<kw name="Select Checkbox" library="SeleniumLibrary">
<arg>Newsletter</arg>
<doc>Selects the checkbox identified by ``locator``.</doc>
<msg timestamp="20230530 08:19:16.425" level="INFO">Selecting checkbox 'Newsletter'.</msg>
<status status="PASS" starttime="20230530 08:19:16.424" endtime="20230530 08:19:16.444"/>
</kw>
<kw name="Close Browser" library="SeleniumLibrary">
<doc>Closes the current browser.</doc>
<status status="PASS" starttime="20230530 08:19:16.444" endtime="20230530 08:19:18.588"/>
</kw>
<status status="PASS" starttime="20230530 08:19:09.932" endtime="20230530 08:19:18.589"/>
</test>
<status status="PASS" starttime="20230530 08:19:09.628" endtime="20230530 08:19:18.592"/>
</suite>
<status status="PASS" starttime="20230530 08:19:09.608" endtime="20230530 08:19:18.597"/>
</suite>
<statistics>
<total>
<stat pass="1" fail="0" skip="0">All Tests</stat>
</total>
<tag>
</tag>
<suite>
<stat pass="1" fail="0" skip="0" id="s1" name="Suites">Suites</stat>
<stat pass="1" fail="0" skip="0" id="s1-s1" name="Radiobuttons">Suites.Radiobuttons</stat>
</suite>
</statistics>
<errors>
</errors>
</robot>
