<?xml version="1.0" encoding="UTF-8"?>
<robot generator="Robot 6.0.2 (Python 3.9.13 on win32)" generated="20230530 08:17:44.473" rpa="false" schemaversion="3">
<suite id="s1" name="Suites">
<suite id="s1-s1" name="CloseAll" source="D:\Robot\TestCases\CloseAll.robot">
<test id="s1-s1-t1" name="Close Browser" line="7">
<kw name="Open Browser" library="SeleniumLibrary">
<arg>https://demo.nopcommerce.com</arg>
<arg>chrome</arg>
<doc>Opens a new browser instance to the optional ``url``.</doc>
<msg timestamp="20230530 08:17:44.707" level="INFO">Opening browser 'chrome' to base url 'https://demo.nopcommerce.com'.</msg>
<msg timestamp="20230530 08:17:44.717" level="INFO">Applicable driver not found; attempting to install with Selenium Manager (Beta)</msg>
<status status="PASS" starttime="20230530 08:17:44.706" endtime="20230530 08:17:47.280"/>
</kw>
<kw name="Maximize Browser Window" library="SeleniumLibrary">
<doc>Maximizes current browser window.</doc>
<status status="PASS" starttime="20230530 08:17:47.281" endtime="20230530 08:17:47.400"/>
</kw>
<kw name="Open Browser" library="SeleniumLibrary">
<arg>https://facebook.com</arg>
<arg>chrome</arg>
<doc>Opens a new browser instance to the optional ``url``.</doc>
<msg timestamp="20230530 08:17:47.404" level="INFO">Opening browser 'chrome' to base url 'https://facebook.com'.</msg>
<msg timestamp="20230530 08:17:47.456" level="INFO">Applicable driver not found; attempting to install with Selenium Manager (Beta)</msg>
<status status="PASS" starttime="20230530 08:17:47.401" endtime="20230530 08:17:50.441"/>
</kw>
<kw name="Maximize Browser Window" library="SeleniumLibrary">
<doc>Maximizes current browser window.</doc>
<status status="PASS" starttime="20230530 08:17:50.441" endtime="20230530 08:17:50.562"/>
</kw>
<kw name="Close All Browsers" library="SeleniumLibrary">
<doc>Closes all open browsers and resets the browser cache.</doc>
<status status="PASS" starttime="20230530 08:17:50.562" endtime="20230530 08:18:04.508"/>
</kw>
<status status="PASS" starttime="20230530 08:17:44.706" endtime="20230530 08:18:04.509"/>
</test>
<status status="PASS" starttime="20230530 08:17:44.504" endtime="20230530 08:18:04.511"/>
</suite>
<status status="PASS" starttime="20230530 08:17:44.488" endtime="20230530 08:18:04.517"/>
</suite>
<statistics>
<total>
<stat pass="1" fail="0" skip="0">All Tests</stat>
</total>
<tag>
</tag>
<suite>
<stat pass="1" fail="0" skip="0" id="s1" name="Suites">Suites</stat>
<stat pass="1" fail="0" skip="0" id="s1-s1" name="CloseAll">Suites.CloseAll</stat>
</suite>
</statistics>
<errors>
</errors>
</robot>
