<?xml version="1.0" encoding="UTF-8"?>
<robot generator="Robot 6.0.2 (Python 3.9.13 on win32)" generated="20230530 08:17:33.857" rpa="false" schemaversion="3">
<suite id="s1" name="Suites">
<suite id="s1-s1" name="Alerts" source="D:\Robot\TestCases\Alerts.robot">
<test id="s1-s1-t1" name="Close Browser" line="7">
<kw name="Open Browser" library="SeleniumLibrary">
<arg>https://demo.nopcommerce.com</arg>
<arg>chrome</arg>
<doc>Opens a new browser instance to the optional ``url``.</doc>
<msg timestamp="20230530 08:17:34.080" level="INFO">Opening browser 'chrome' to base url 'https://demo.nopcommerce.com'.</msg>
<msg timestamp="20230530 08:17:34.091" level="INFO">Applicable driver not found; attempting to install with Selenium Manager (Beta)</msg>
<status status="PASS" starttime="20230530 08:17:34.079" endtime="20230530 08:17:36.862"/>
</kw>
<kw name="Maximize Browser Window" library="SeleniumLibrary">
<doc>Maximizes current browser window.</doc>
<status status="PASS" starttime="20230530 08:17:36.862" endtime="20230530 08:17:36.991"/>
</kw>
<kw name="Open Browser" library="SeleniumLibrary">
<arg>https://facebook.com</arg>
<arg>chrome</arg>
<doc>Opens a new browser instance to the optional ``url``.</doc>
<msg timestamp="20230530 08:17:36.994" level="INFO">Opening browser 'chrome' to base url 'https://facebook.com'.</msg>
<msg timestamp="20230530 08:17:37.025" level="INFO">Applicable driver not found; attempting to install with Selenium Manager (Beta)</msg>
<status status="PASS" starttime="20230530 08:17:36.992" endtime="20230530 08:17:39.662"/>
</kw>
<kw name="Maximize Browser Window" library="SeleniumLibrary">
<doc>Maximizes current browser window.</doc>
<status status="PASS" starttime="20230530 08:17:39.662" endtime="20230530 08:17:39.783"/>
</kw>
<status status="PASS" starttime="20230530 08:17:34.079" endtime="20230530 08:17:39.783"/>
</test>
<status status="PASS" starttime="20230530 08:17:33.886" endtime="20230530 08:17:39.784"/>
</suite>
<status status="PASS" starttime="20230530 08:17:33.867" endtime="20230530 08:17:39.786"/>
</suite>
<statistics>
<total>
<stat pass="1" fail="0" skip="0">All Tests</stat>
</total>
<tag>
</tag>
<suite>
<stat pass="1" fail="0" skip="0" id="s1" name="Suites">Suites</stat>
<stat pass="1" fail="0" skip="0" id="s1-s1" name="Alerts">Suites.Alerts</stat>
</suite>
</statistics>
<errors>
</errors>
</robot>
