<?xml version="1.0" encoding="UTF-8"?>
<robot generator="Robot 6.0.2 (Python 3.9.13 on win32)" generated="20230530 08:19:23.253" rpa="false" schemaversion="3">
<suite id="s1" name="Suites">
<suite id="s1-s1" name="SetupAndTearDown" source="D:\Robot\TestCases\SetupAndTearDown.robot">
<kw name="Log To Console" library="BuiltIn" type="SETUP">
<arg>Opening Browser</arg>
<doc>Logs the given message to the console.</doc>
<status status="PASS" starttime="20230530 08:19:23.282" endtime="20230530 08:19:23.282"/>
</kw>
<test id="s1-s1-t1" name="TC1 Prepaid Recharge" line="11">
<kw name="Log To Console" library="BuiltIn" type="SETUP">
<arg>Login to Application</arg>
<doc>Logs the given message to the console.</doc>
<status status="PASS" starttime="20230530 08:19:23.283" endtime="20230530 08:19:23.283"/>
</kw>
<kw name="Log To Console" library="BuiltIn">
<arg>This is prepaid recharge testcase</arg>
<doc>Logs the given message to the console.</doc>
<status status="PASS" starttime="20230530 08:19:23.283" endtime="20230530 08:19:23.284"/>
</kw>
<kw name="Log To Console" library="BuiltIn" type="TEARDOWN">
<arg>Logout to Application</arg>
<doc>Logs the given message to the console.</doc>
<status status="PASS" starttime="20230530 08:19:23.284" endtime="20230530 08:19:23.284"/>
</kw>
<status status="PASS" starttime="20230530 08:19:23.283" endtime="20230530 08:19:23.284"/>
</test>
<test id="s1-s1-t2" name="TC2 Postpaid Recharge" line="14">
<kw name="Log To Console" library="BuiltIn" type="SETUP">
<arg>Login to Application</arg>
<doc>Logs the given message to the console.</doc>
<status status="PASS" starttime="20230530 08:19:23.287" endtime="20230530 08:19:23.287"/>
</kw>
<kw name="Log To Console" library="BuiltIn">
<arg>This is postpaid recharge testcase</arg>
<doc>Logs the given message to the console.</doc>
<status status="PASS" starttime="20230530 08:19:23.287" endtime="20230530 08:19:23.287"/>
</kw>
<kw name="Log To Console" library="BuiltIn" type="TEARDOWN">
<arg>Logout to Application</arg>
<doc>Logs the given message to the console.</doc>
<status status="PASS" starttime="20230530 08:19:23.288" endtime="20230530 08:19:23.288"/>
</kw>
<status status="PASS" starttime="20230530 08:19:23.285" endtime="20230530 08:19:23.288"/>
</test>
<test id="s1-s1-t3" name="TC3 Search" line="17">
<kw name="Log To Console" library="BuiltIn" type="SETUP">
<arg>Login to Application</arg>
<doc>Logs the given message to the console.</doc>
<status status="PASS" starttime="20230530 08:19:23.288" endtime="20230530 08:19:23.289"/>
</kw>
<kw name="Log To Console" library="BuiltIn">
<arg>This is Search testcase</arg>
<doc>Logs the given message to the console.</doc>
<status status="PASS" starttime="20230530 08:19:23.289" endtime="20230530 08:19:23.289"/>
</kw>
<kw name="Log To Console" library="BuiltIn" type="TEARDOWN">
<arg>Logout to Application</arg>
<doc>Logs the given message to the console.</doc>
<status status="PASS" starttime="20230530 08:19:23.289" endtime="20230530 08:19:23.290"/>
</kw>
<status status="PASS" starttime="20230530 08:19:23.288" endtime="20230530 08:19:23.290"/>
</test>
<test id="s1-s1-t4" name="TC4 Advanced Search" line="20">
<kw name="Log To Console" library="BuiltIn" type="SETUP">
<arg>Login to Application</arg>
<doc>Logs the given message to the console.</doc>
<status status="PASS" starttime="20230530 08:19:23.290" endtime="20230530 08:19:23.290"/>
</kw>
<kw name="Log To Console" library="BuiltIn">
<arg>This is Adv Search testcase</arg>
<doc>Logs the given message to the console.</doc>
<status status="PASS" starttime="20230530 08:19:23.291" endtime="20230530 08:19:23.291"/>
</kw>
<kw name="Log To Console" library="BuiltIn" type="TEARDOWN">
<arg>Logout to Application</arg>
<doc>Logs the given message to the console.</doc>
<status status="PASS" starttime="20230530 08:19:23.291" endtime="20230530 08:19:23.291"/>
</kw>
<status status="PASS" starttime="20230530 08:19:23.290" endtime="20230530 08:19:23.291"/>
</test>
<kw name="Log To Console" library="BuiltIn" type="TEARDOWN">
<arg>Closing Browser</arg>
<doc>Logs the given message to the console.</doc>
<status status="PASS" starttime="20230530 08:19:23.292" endtime="20230530 08:19:23.292"/>
</kw>
<status status="PASS" starttime="20230530 08:19:23.280" endtime="20230530 08:19:23.292"/>
</suite>
<status status="PASS" starttime="20230530 08:19:23.263" endtime="20230530 08:19:23.293"/>
</suite>
<statistics>
<total>
<stat pass="4" fail="0" skip="0">All Tests</stat>
</total>
<tag>
</tag>
<suite>
<stat pass="4" fail="0" skip="0" id="s1" name="Suites">Suites</stat>
<stat pass="4" fail="0" skip="0" id="s1-s1" name="SetupAndTearDown">Suites.SetupAndTearDown</stat>
</suite>
</statistics>
<errors>
</errors>
</robot>
