<?xml version="1.0" encoding="UTF-8"?>
<robot generator="Robot 6.0.2 (Python 3.9.13 on win32)" generated="20230530 08:17:45.881" rpa="false" schemaversion="3">
<suite id="s1" name="Suites">
<suite id="s1-s1" name="DBTesting" source="D:\Robot\TestCases\DBTesting.robot">
<kw name="Connect To Database" library="DatabaseLibrary" type="SETUP">
<arg>pymysql</arg>
<arg>${DBName}</arg>
<arg>${DBUser}</arg>
<arg>${DBPass}</arg>
<arg>${DBHost}</arg>
<arg>${DBPort}</arg>
<doc>Loads the DB API 2.0 module given `dbapiModuleName` then uses it to
connect to the database using `dbName`, `dbUsername`, and `dbPassword`.</doc>
<msg timestamp="20230530 08:17:46.042" level="INFO">Connecting using : pymysql.connect(db=mydb, user=root, passwd=root, host=127.0.0.1, port=3306, charset=None) </msg>
<msg timestamp="20230530 08:17:48.099" level="FAIL">OperationalError: (2003, "Can't connect to MySQL server on '127.0.0.1' ([WinError 10061] No connection could be made because the target machine actively refused it)")</msg>
<status status="FAIL" starttime="20230530 08:17:46.024" endtime="20230530 08:17:48.100"/>
</kw>
<test id="s1-s1-t1" name="Create person table" line="16">
<status status="FAIL" starttime="20230530 08:17:48.101" endtime="20230530 08:17:48.102">Parent suite setup failed:
OperationalError: (2003, "Can't connect to MySQL server on '127.0.0.1' ([WinError 10061] No connection could be made because the target machine actively refused it)")</status>
</test>
<test id="s1-s1-t2" name="Check David record present in Person Table" line="30">
<status status="FAIL" starttime="20230530 08:17:48.103" endtime="20230530 08:17:48.103">Parent suite setup failed:
OperationalError: (2003, "Can't connect to MySQL server on '127.0.0.1' ([WinError 10061] No connection could be made because the target machine actively refused it)")</status>
</test>
<test id="s1-s1-t3" name="Check Jio record NOT present in Person Table" line="33">
<status status="FAIL" starttime="20230530 08:17:48.104" endtime="20230530 08:17:48.105">Parent suite setup failed:
OperationalError: (2003, "Can't connect to MySQL server on '127.0.0.1' ([WinError 10061] No connection could be made because the target machine actively refused it)")</status>
</test>
<test id="s1-s1-t4" name="Check Person Table exists in mydb Database" line="36">
<status status="FAIL" starttime="20230530 08:17:48.105" endtime="20230530 08:17:48.106">Parent suite setup failed:
OperationalError: (2003, "Can't connect to MySQL server on '127.0.0.1' ([WinError 10061] No connection could be made because the target machine actively refused it)")</status>
</test>
<test id="s1-s1-t5" name="Verify Row Count is Zero" line="39">
<status status="FAIL" starttime="20230530 08:17:48.106" endtime="20230530 08:17:48.107">Parent suite setup failed:
OperationalError: (2003, "Can't connect to MySQL server on '127.0.0.1' ([WinError 10061] No connection could be made because the target machine actively refused it)")</status>
</test>
<test id="s1-s1-t6" name="Verify Row Count is Equal to Some Value" line="42">
<status status="FAIL" starttime="20230530 08:17:48.107" endtime="20230530 08:17:48.108">Parent suite setup failed:
OperationalError: (2003, "Can't connect to MySQL server on '127.0.0.1' ([WinError 10061] No connection could be made because the target machine actively refused it)")</status>
</test>
<test id="s1-s1-t7" name="Verify Row Count is Greater than to Some Value" line="45">
<status status="FAIL" starttime="20230530 08:17:48.109" endtime="20230530 08:17:48.109">Parent suite setup failed:
OperationalError: (2003, "Can't connect to MySQL server on '127.0.0.1' ([WinError 10061] No connection could be made because the target machine actively refused it)")</status>
</test>
<test id="s1-s1-t8" name="Verify Row Count is Less than to Some Value" line="48">
<status status="FAIL" starttime="20230530 08:17:48.110" endtime="20230530 08:17:48.110">Parent suite setup failed:
OperationalError: (2003, "Can't connect to MySQL server on '127.0.0.1' ([WinError 10061] No connection could be made because the target machine actively refused it)")</status>
</test>
<test id="s1-s1-t9" name="Update record in person table" line="51">
<status status="FAIL" starttime="20230530 08:17:48.111" endtime="20230530 08:17:48.111">Parent suite setup failed:
OperationalError: (2003, "Can't connect to MySQL server on '127.0.0.1' ([WinError 10061] No connection could be made because the target machine actively refused it)")</status>
</test>
<test id="s1-s1-t10" name="Retrueve Records from Person Table" line="56">
<status status="FAIL" starttime="20230530 08:17:48.112" endtime="20230530 08:17:48.113">Parent suite setup failed:
OperationalError: (2003, "Can't connect to MySQL server on '127.0.0.1' ([WinError 10061] No connection could be made because the target machine actively refused it)")</status>
</test>
<test id="s1-s1-t11" name="Delete Records from Person Table" line="60">
<status status="FAIL" starttime="20230530 08:17:48.113" endtime="20230530 08:17:48.114">Parent suite setup failed:
OperationalError: (2003, "Can't connect to MySQL server on '127.0.0.1' ([WinError 10061] No connection could be made because the target machine actively refused it)")</status>
</test>
<kw name="Disconnect From Database" library="DatabaseLibrary" type="TEARDOWN">
<doc>Disconnects from the database.</doc>
<msg timestamp="20230530 08:17:48.115" level="INFO">Executing : Disconnect From Database</msg>
<msg timestamp="20230530 08:17:48.115" level="FAIL">AttributeError: 'NoneType' object has no attribute 'close'</msg>
<status status="FAIL" starttime="20230530 08:17:48.115" endtime="20230530 08:17:48.116">AttributeError: 'NoneType' object has no attribute 'close'</status>
</kw>
<status status="FAIL" starttime="20230530 08:17:45.910" endtime="20230530 08:17:48.116">Suite setup failed:
OperationalError: (2003, "Can't connect to MySQL server on '127.0.0.1' ([WinError 10061] No connection could be made because the target machine actively refused it)")

Also suite teardown failed:
AttributeError: 'NoneType' object has no attribute 'close'</status>
</suite>
<status status="FAIL" starttime="20230530 08:17:45.892" endtime="20230530 08:17:48.119"/>
</suite>
<statistics>
<total>
<stat pass="0" fail="11" skip="0">All Tests</stat>
</total>
<tag>
</tag>
<suite>
<stat pass="0" fail="11" skip="0" id="s1" name="Suites">Suites</stat>
<stat pass="0" fail="11" skip="0" id="s1-s1" name="DBTesting">Suites.DBTesting</stat>
</suite>
</statistics>
<errors>
</errors>
</robot>
