<?xml version="1.0" encoding="UTF-8"?>
<robot generator="Robot 6.0.2 (Python 3.9.13 on win32)" generated="20230530 08:17:48.819" rpa="false" schemaversion="3">
<suite id="s1" name="Suites">
<suite id="s1-s1" name="DDT1" source="D:\Robot\TestCases\DDT1.robot">
<kw name="Open My Browser" library="login_resources" type="SETUP">
<kw name="Open Browser" library="SeleniumLibrary">
<arg>${LOGIN URL}</arg>
<arg>${browser}</arg>
<doc>Opens a new browser instance to the optional ``url``.</doc>
<msg timestamp="20230530 08:17:49.049" level="INFO">Opening browser 'chrome' to base url 'https://demo.nopcommerce.com/login'.</msg>
<msg timestamp="20230530 08:17:49.060" level="INFO">Applicable driver not found; attempting to install with Selenium Manager (Beta)</msg>
<status status="PASS" starttime="20230530 08:17:49.048" endtime="20230530 08:17:51.725"/>
</kw>
<status status="PASS" starttime="20230530 08:17:49.048" endtime="20230530 08:17:51.725"/>
</kw>
<test id="s1-s1-t1" name="Right user empty pass" line="13">
<kw name="Invalid login">
<arg>admin@gmail.com</arg>
<arg>${EMPTY}</arg>
<kw name="Input username" library="login_resources">
<arg>${username}</arg>
<kw name="Input Text" library="SeleniumLibrary">
<arg>id:Email</arg>
<arg>${username}</arg>
<doc>Types the given ``text`` into the text field identified by ``locator``.</doc>
<msg timestamp="20230530 08:17:51.728" level="INFO">Typing text 'admin@gmail.com' into text field 'id:Email'.</msg>
<status status="PASS" starttime="20230530 08:17:51.727" endtime="20230530 08:17:51.814"/>
</kw>
<status status="PASS" starttime="20230530 08:17:51.727" endtime="20230530 08:17:51.814"/>
</kw>
<kw name="Input password" library="login_resources">
<arg>${password}</arg>
<kw name="Input Text" library="SeleniumLibrary">
<arg>id:Password</arg>
<arg>${password}</arg>
<doc>Types the given ``text`` into the text field identified by ``locator``.</doc>
<msg timestamp="20230530 08:17:51.815" level="INFO">Typing text '' into text field 'id:Password'.</msg>
<status status="PASS" starttime="20230530 08:17:51.814" endtime="20230530 08:17:51.887"/>
</kw>
<status status="PASS" starttime="20230530 08:17:51.814" endtime="20230530 08:17:51.887"/>
</kw>
<kw name="Click login button" library="login_resources">
<kw name="Click Element" library="SeleniumLibrary">
<arg>xpath://button[text()='Log in']</arg>
<doc>Click the element identified by ``locator``.</doc>
<msg timestamp="20230530 08:17:51.888" level="INFO">Clicking element 'xpath://button[text()='Log in']'.</msg>
<status status="PASS" starttime="20230530 08:17:51.888" endtime="20230530 08:17:53.020"/>
</kw>
<status status="PASS" starttime="20230530 08:17:51.888" endtime="20230530 08:17:53.020"/>
</kw>
<kw name="Error message should be visible" library="login_resources">
<kw name="Page Should Contain" library="SeleniumLibrary">
<arg>Login was unsuccessful</arg>
<doc>Verifies that current page contains ``text``.</doc>
<msg timestamp="20230530 08:17:53.036" level="INFO">Current page contains text 'Login was unsuccessful'.</msg>
<status status="PASS" starttime="20230530 08:17:53.021" endtime="20230530 08:17:53.036"/>
</kw>
<status status="PASS" starttime="20230530 08:17:53.020" endtime="20230530 08:17:53.036"/>
</kw>
<status status="PASS" starttime="20230530 08:17:51.726" endtime="20230530 08:17:53.036"/>
</kw>
<status status="PASS" starttime="20230530 08:17:51.726" endtime="20230530 08:17:53.036"/>
</test>
<test id="s1-s1-t2" name="Right user empty pass" line="14">
<kw name="Invalid login">
<arg>${EMPTY}</arg>
<arg>123456</arg>
<kw name="Input username" library="login_resources">
<arg>${username}</arg>
<kw name="Input Text" library="SeleniumLibrary">
<arg>id:Email</arg>
<arg>${username}</arg>
<doc>Types the given ``text`` into the text field identified by ``locator``.</doc>
<msg timestamp="20230530 08:17:53.039" level="INFO">Typing text '' into text field 'id:Email'.</msg>
<status status="PASS" starttime="20230530 08:17:53.039" endtime="20230530 08:17:53.099"/>
</kw>
<status status="PASS" starttime="20230530 08:17:53.038" endtime="20230530 08:17:53.100"/>
</kw>
<kw name="Input password" library="login_resources">
<arg>${password}</arg>
<kw name="Input Text" library="SeleniumLibrary">
<arg>id:Password</arg>
<arg>${password}</arg>
<doc>Types the given ``text`` into the text field identified by ``locator``.</doc>
<msg timestamp="20230530 08:17:53.101" level="INFO">Typing text '123456' into text field 'id:Password'.</msg>
<status status="PASS" starttime="20230530 08:17:53.101" endtime="20230530 08:17:53.163"/>
</kw>
<status status="PASS" starttime="20230530 08:17:53.100" endtime="20230530 08:17:53.163"/>
</kw>
<kw name="Click login button" library="login_resources">
<kw name="Click Element" library="SeleniumLibrary">
<arg>xpath://button[text()='Log in']</arg>
<doc>Click the element identified by ``locator``.</doc>
<msg timestamp="20230530 08:17:53.164" level="INFO">Clicking element 'xpath://button[text()='Log in']'.</msg>
<status status="PASS" starttime="20230530 08:17:53.164" endtime="20230530 08:17:53.202"/>
</kw>
<status status="PASS" starttime="20230530 08:17:53.163" endtime="20230530 08:17:53.203"/>
</kw>
<kw name="Error message should be visible" library="login_resources">
<kw name="Page Should Contain" library="SeleniumLibrary">
<arg>Login was unsuccessful</arg>
<doc>Verifies that current page contains ``text``.</doc>
<msg timestamp="20230530 08:17:53.213" level="INFO">Current page contains text 'Login was unsuccessful'.</msg>
<status status="PASS" starttime="20230530 08:17:53.203" endtime="20230530 08:17:53.213"/>
</kw>
<status status="PASS" starttime="20230530 08:17:53.203" endtime="20230530 08:17:53.213"/>
</kw>
<status status="PASS" starttime="20230530 08:17:53.037" endtime="20230530 08:17:53.213"/>
</kw>
<status status="PASS" starttime="20230530 08:17:53.037" endtime="20230530 08:17:53.213"/>
</test>
<test id="s1-s1-t3" name="Right user empty pass" line="15">
<kw name="Invalid login">
<arg>test@gmail.com</arg>
<arg>123456</arg>
<kw name="Input username" library="login_resources">
<arg>${username}</arg>
<kw name="Input Text" library="SeleniumLibrary">
<arg>id:Email</arg>
<arg>${username}</arg>
<doc>Types the given ``text`` into the text field identified by ``locator``.</doc>
<msg timestamp="20230530 08:17:53.291" level="INFO">Typing text 'test@gmail.com' into text field 'id:Email'.</msg>
<status status="PASS" starttime="20230530 08:17:53.289" endtime="20230530 08:17:53.378"/>
</kw>
<status status="PASS" starttime="20230530 08:17:53.286" endtime="20230530 08:17:53.378"/>
</kw>
<kw name="Input password" library="login_resources">
<arg>${password}</arg>
<kw name="Input Text" library="SeleniumLibrary">
<arg>id:Password</arg>
<arg>${password}</arg>
<doc>Types the given ``text`` into the text field identified by ``locator``.</doc>
<msg timestamp="20230530 08:17:53.380" level="INFO">Typing text '123456' into text field 'id:Password'.</msg>
<status status="PASS" starttime="20230530 08:17:53.379" endtime="20230530 08:17:53.443"/>
</kw>
<status status="PASS" starttime="20230530 08:17:53.379" endtime="20230530 08:17:53.443"/>
</kw>
<kw name="Click login button" library="login_resources">
<kw name="Click Element" library="SeleniumLibrary">
<arg>xpath://button[text()='Log in']</arg>
<doc>Click the element identified by ``locator``.</doc>
<msg timestamp="20230530 08:17:53.444" level="INFO">Clicking element 'xpath://button[text()='Log in']'.</msg>
<status status="PASS" starttime="20230530 08:17:53.444" endtime="20230530 08:17:54.258"/>
</kw>
<status status="PASS" starttime="20230530 08:17:53.443" endtime="20230530 08:17:54.258"/>
</kw>
<kw name="Error message should be visible" library="login_resources">
<kw name="Page Should Contain" library="SeleniumLibrary">
<arg>Login was unsuccessful</arg>
<doc>Verifies that current page contains ``text``.</doc>
<msg timestamp="20230530 08:17:54.504" level="INFO" html="true">&lt;/td&gt;&lt;/tr&gt;&lt;tr&gt;&lt;td colspan="3"&gt;&lt;a href="selenium-screenshot-1.png"&gt;&lt;img src="selenium-screenshot-1.png" width="800px"&gt;&lt;/a&gt;</msg>
<msg timestamp="20230530 08:17:54.504" level="FAIL">Page should have contained text 'Login was unsuccessful' but did not.</msg>
<status status="FAIL" starttime="20230530 08:17:54.259" endtime="20230530 08:17:54.523"/>
</kw>
<status status="FAIL" starttime="20230530 08:17:54.259" endtime="20230530 08:17:54.523"/>
</kw>
<status status="FAIL" starttime="20230530 08:17:53.284" endtime="20230530 08:17:54.524"/>
</kw>
<status status="FAIL" starttime="20230530 08:17:53.282" endtime="20230530 08:17:54.524">Page should have contained text 'Login was unsuccessful' but did not.</status>
</test>
<kw name="Close Browser" library="login_resources" type="TEARDOWN">
<kw name="Close All Browsers" library="SeleniumLibrary">
<doc>Closes all open browsers and resets the browser cache.</doc>
<status status="PASS" starttime="20230530 08:17:54.526" endtime="20230530 08:18:00.727"/>
</kw>
<status status="PASS" starttime="20230530 08:17:54.525" endtime="20230530 08:18:00.727"/>
</kw>
<status status="FAIL" starttime="20230530 08:17:48.846" endtime="20230530 08:18:00.727"/>
</suite>
<status status="FAIL" starttime="20230530 08:17:48.829" endtime="20230530 08:18:00.728"/>
</suite>
<statistics>
<total>
<stat pass="2" fail="1" skip="0">All Tests</stat>
</total>
<tag>
</tag>
<suite>
<stat pass="2" fail="1" skip="0" id="s1" name="Suites">Suites</stat>
<stat pass="2" fail="1" skip="0" id="s1-s1" name="DDT1">Suites.DDT1</stat>
</suite>
</statistics>
<errors>
<msg timestamp="20230530 08:17:53.037" level="WARN">Multiple tests with name 'Right user empty pass' executed in suite 'Suites.DDT1'.</msg>
<msg timestamp="20230530 08:17:53.281" level="WARN">Multiple tests with name 'Right user empty pass' executed in suite 'Suites.DDT1'.</msg>
</errors>
</robot>
