<?xml version="1.0" encoding="UTF-8"?>
<robot generator="Robot 6.0.2 (Python 3.9.13 on win32)" generated="20230530 08:19:19.204" rpa="false" schemaversion="3">
<suite id="s1" name="Suites">
<suite id="s1-s1" name="ScrollingPage" source="D:\Robot\TestCases\ScrollingPage.robot">
<test id="s1-s1-t1" name="TC1" line="7">
<kw name="Open Browser" library="SeleniumLibrary">
<arg>https://www.countries-ofthe-world.com/flags-of-the-world.html</arg>
<arg>chrome</arg>
<doc>Opens a new browser instance to the optional ``url``.</doc>
<msg timestamp="20230530 08:19:19.427" level="INFO">Opening browser 'chrome' to base url 'https://www.countries-ofthe-world.com/flags-of-the-world.html'.</msg>
<msg timestamp="20230530 08:19:19.437" level="INFO">Applicable driver not found; attempting to install with Selenium Manager (Beta)</msg>
<status status="PASS" starttime="20230530 08:19:19.426" endtime="20230530 08:19:22.746"/>
</kw>
<kw name="Maximize Browser Window" library="SeleniumLibrary">
<doc>Maximizes current browser window.</doc>
<status status="PASS" starttime="20230530 08:19:22.747" endtime="20230530 08:19:22.861"/>
</kw>
<kw name="Execute Javascript" library="SeleniumLibrary">
<arg>window.scrollTo(0, document.body.scrollHeight)</arg>
<doc>Executes the given JavaScript code with possible arguments.</doc>
<msg timestamp="20230530 08:19:22.862" level="INFO">Executing JavaScript:
window.scrollTo(0, document.body.scrollHeight)
Without any arguments.</msg>
<status status="PASS" starttime="20230530 08:19:22.861" endtime="20230530 08:19:22.869"/>
</kw>
<kw name="Sleep" library="BuiltIn">
<arg>1</arg>
<doc>Pauses the test executed for the given time.</doc>
<msg timestamp="20230530 08:19:23.872" level="INFO">Slept 1 second</msg>
<status status="PASS" starttime="20230530 08:19:22.869" endtime="20230530 08:19:23.872"/>
</kw>
<kw name="Execute Javascript" library="SeleniumLibrary">
<arg>window.scrollTo(0, -document.body.scrollHeight)</arg>
<doc>Executes the given JavaScript code with possible arguments.</doc>
<msg timestamp="20230530 08:19:23.873" level="INFO">Executing JavaScript:
window.scrollTo(0, -document.body.scrollHeight)
Without any arguments.</msg>
<status status="PASS" starttime="20230530 08:19:23.872" endtime="20230530 08:19:23.879"/>
</kw>
<kw name="Sleep" library="BuiltIn">
<arg>1</arg>
<doc>Pauses the test executed for the given time.</doc>
<msg timestamp="20230530 08:19:24.888" level="INFO">Slept 1 second</msg>
<status status="PASS" starttime="20230530 08:19:23.880" endtime="20230530 08:19:24.888"/>
</kw>
<kw name="Close Browser" library="SeleniumLibrary">
<doc>Closes the current browser.</doc>
<status status="PASS" starttime="20230530 08:19:24.894" endtime="20230530 08:19:27.351"/>
</kw>
<status status="PASS" starttime="20230530 08:19:19.426" endtime="20230530 08:19:27.351"/>
</test>
<status status="PASS" starttime="20230530 08:19:19.233" endtime="20230530 08:19:27.352"/>
</suite>
<status status="PASS" starttime="20230530 08:19:19.214" endtime="20230530 08:19:27.355"/>
</suite>
<statistics>
<total>
<stat pass="1" fail="0" skip="0">All Tests</stat>
</total>
<tag>
</tag>
<suite>
<stat pass="1" fail="0" skip="0" id="s1" name="Suites">Suites</stat>
<stat pass="1" fail="0" skip="0" id="s1-s1" name="ScrollingPage">Suites.ScrollingPage</stat>
</suite>
</statistics>
<errors>
</errors>
</robot>
