<?xml version="1.0" encoding="UTF-8"?>
<robot generator="Robot 6.0.2 (Python 3.9.13 on win32)" generated="20230530 08:17:33.869" rpa="false" schemaversion="3">
<suite id="s1" name="Suites">
<suite id="s1-s1" name="CaptureScreen" source="D:\Robot\TestCases\CaptureScreen.robot">
<test id="s1-s1-t1" name="CaptureScreen" line="9">
<kw name="Open Browser" library="SeleniumLibrary">
<arg>${url}</arg>
<arg>${browser}</arg>
<doc>Opens a new browser instance to the optional ``url``.</doc>
<msg timestamp="20230530 08:17:34.093" level="INFO">Opening browser 'chrome' to base url 'https://demo.nopcommerce.com/'.</msg>
<msg timestamp="20230530 08:17:34.104" level="INFO">Applicable driver not found; attempting to install with Selenium Manager (Beta)</msg>
<status status="PASS" starttime="20230530 08:17:34.092" endtime="20230530 08:17:36.842"/>
</kw>
<kw name="loginToApplication">
<kw name="Click Link" library="SeleniumLibrary">
<arg>xpath://a[@class='ico-login']</arg>
<doc>Clicks a link identified by ``locator``.</doc>
<msg timestamp="20230530 08:17:36.844" level="INFO">Clicking link 'xpath://a[@class='ico-login']'.</msg>
<status status="PASS" starttime="20230530 08:17:36.843" endtime="20230530 08:17:37.777"/>
</kw>
<kw name="Input Text" library="SeleniumLibrary">
<arg>id:Email</arg>
<arg>test@gmail.com</arg>
<doc>Types the given ``text`` into the text field identified by ``locator``.</doc>
<msg timestamp="20230530 08:17:37.778" level="INFO">Typing text 'test@gmail.com' into text field 'id:Email'.</msg>
<status status="PASS" starttime="20230530 08:17:37.777" endtime="20230530 08:17:37.895"/>
</kw>
<kw name="Input Text" library="SeleniumLibrary">
<arg>id:Password</arg>
<arg>123456</arg>
<doc>Types the given ``text`` into the text field identified by ``locator``.</doc>
<msg timestamp="20230530 08:17:37.896" level="INFO">Typing text '123456' into text field 'id:Password'.</msg>
<status status="PASS" starttime="20230530 08:17:37.895" endtime="20230530 08:17:38.078"/>
</kw>
<kw name="Click Element" library="SeleniumLibrary">
<arg>xpath://button[text()='Log in']</arg>
<doc>Click the element identified by ``locator``.</doc>
<msg timestamp="20230530 08:17:38.079" level="INFO">Clicking element 'xpath://button[text()='Log in']'.</msg>
<status status="PASS" starttime="20230530 08:17:38.078" endtime="20230530 08:17:38.726"/>
</kw>
<status status="PASS" starttime="20230530 08:17:36.842" endtime="20230530 08:17:38.726"/>
</kw>
<kw name="Capture Element Screenshot" library="SeleniumLibrary">
<arg>xpath://div[@class='header-logo']//img</arg>
<arg>Logo.png</arg>
<doc>Captures a screenshot from the element identified by ``locator`` and embeds it into log file.</doc>
<msg timestamp="20230530 08:17:38.828" level="INFO" html="true">&lt;/td&gt;&lt;/tr&gt;&lt;tr&gt;&lt;td colspan="3"&gt;&lt;a href="Logo.png"&gt;&lt;img src="Logo.png" width="400px"&gt;&lt;/a&gt;</msg>
<status status="PASS" starttime="20230530 08:17:38.727" endtime="20230530 08:17:38.828"/>
</kw>
<kw name="Capture Page Screenshot" library="SeleniumLibrary">
<arg>Page.png</arg>
<doc>Takes a screenshot of the current page and embeds it into a log file.</doc>
<msg timestamp="20230530 08:17:38.958" level="INFO" html="true">&lt;/td&gt;&lt;/tr&gt;&lt;tr&gt;&lt;td colspan="3"&gt;&lt;a href="Page.png"&gt;&lt;img src="Page.png" width="800px"&gt;&lt;/a&gt;</msg>
<status status="PASS" starttime="20230530 08:17:38.828" endtime="20230530 08:17:38.958"/>
</kw>
<kw name="Close Browser" library="SeleniumLibrary">
<doc>Closes the current browser.</doc>
<status status="PASS" starttime="20230530 08:17:38.958" endtime="20230530 08:17:41.057"/>
</kw>
<status status="PASS" starttime="20230530 08:17:34.092" endtime="20230530 08:17:41.057"/>
</test>
<status status="PASS" starttime="20230530 08:17:33.898" endtime="20230530 08:17:41.058"/>
</suite>
<status status="PASS" starttime="20230530 08:17:33.879" endtime="20230530 08:17:41.059"/>
</suite>
<statistics>
<total>
<stat pass="1" fail="0" skip="0">All Tests</stat>
</total>
<tag>
</tag>
<suite>
<stat pass="1" fail="0" skip="0" id="s1" name="Suites">Suites</stat>
<stat pass="1" fail="0" skip="0" id="s1-s1" name="CaptureScreen">Suites.CaptureScreen</stat>
</suite>
</statistics>
<errors>
</errors>
</robot>
