<?xml version="1.0" encoding="UTF-8"?>
<robot generator="Robot 6.0.2 (Python 3.9.13 on win32)" generated="20230530 08:18:01.352" rpa="false" schemaversion="3">
<suite id="s1" name="Suites">
<suite id="s1-s1" name="Dropdowns" source="D:\Robot\TestCases\Dropdowns.robot">
<test id="s1-s1-t1" name="Drop down" line="9">
<kw name="Open Browser" library="SeleniumLibrary">
<arg>${url}</arg>
<arg>${browser}</arg>
<doc>Opens a new browser instance to the optional ``url``.</doc>
<msg timestamp="20230530 08:18:01.614" level="INFO">Opening browser 'chrome' to base url 'https://demo.nopcommerce.com/'.</msg>
<msg timestamp="20230530 08:18:01.627" level="INFO">Applicable driver not found; attempting to install with Selenium Manager (Beta)</msg>
<status status="PASS" starttime="20230530 08:18:01.613" endtime="20230530 08:18:04.365"/>
</kw>
<kw name="Maximize Browser Window" library="SeleniumLibrary">
<doc>Maximizes current browser window.</doc>
<status status="PASS" starttime="20230530 08:18:04.365" endtime="20230530 08:18:04.497"/>
</kw>
<kw name="Title Should Be" library="SeleniumLibrary">
<arg>nopCommerce demo store</arg>
<doc>Verifies that the current page title equals ``title``.</doc>
<msg timestamp="20230530 08:18:04.515" level="INFO">Page title is 'nopCommerce demo store'.</msg>
<status status="PASS" starttime="20230530 08:18:04.498" endtime="20230530 08:18:04.516"/>
</kw>
<kw name="Click Link" library="SeleniumLibrary">
<arg>xpath://a[@class='ico-login']</arg>
<doc>Clicks a link identified by ``locator``.</doc>
<msg timestamp="20230530 08:18:04.519" level="INFO">Clicking link 'xpath://a[@class='ico-login']'.</msg>
<status status="PASS" starttime="20230530 08:18:04.516" endtime="20230530 08:18:05.455"/>
</kw>
<kw name="Input Text" library="SeleniumLibrary">
<arg>id:Email</arg>
<arg>test@gmail.com</arg>
<doc>Types the given ``text`` into the text field identified by ``locator``.</doc>
<msg timestamp="20230530 08:18:05.456" level="INFO">Typing text 'test@gmail.com' into text field 'id:Email'.</msg>
<status status="PASS" starttime="20230530 08:18:05.455" endtime="20230530 08:18:05.564"/>
</kw>
<kw name="Input Text" library="SeleniumLibrary">
<arg>id:Password</arg>
<arg>123456</arg>
<doc>Types the given ``text`` into the text field identified by ``locator``.</doc>
<msg timestamp="20230530 08:18:05.565" level="INFO">Typing text '123456' into text field 'id:Password'.</msg>
<status status="PASS" starttime="20230530 08:18:05.565" endtime="20230530 08:18:05.663"/>
</kw>
<kw name="Click Element" library="SeleniumLibrary">
<arg>xpath://button[text()='Log in']</arg>
<doc>Click the element identified by ``locator``.</doc>
<msg timestamp="20230530 08:18:05.664" level="INFO">Clicking element 'xpath://button[text()='Log in']'.</msg>
<status status="PASS" starttime="20230530 08:18:05.663" endtime="20230530 08:18:06.298"/>
</kw>
<kw name="Click Link" library="SeleniumLibrary">
<arg>xpath://a[@class='ico-account']</arg>
<doc>Clicks a link identified by ``locator``.</doc>
<msg timestamp="20230530 08:18:06.299" level="INFO">Clicking link 'xpath://a[@class='ico-account']'.</msg>
<status status="PASS" starttime="20230530 08:18:06.298" endtime="20230530 08:18:06.728"/>
</kw>
<kw name="Select From List By Label" library="SeleniumLibrary">
<arg>DateOfBirthDay</arg>
<arg>10</arg>
<doc>Selects options from selection list ``locator`` by ``labels``.</doc>
<msg timestamp="20230530 08:18:06.729" level="INFO">Selecting options from selection list 'DateOfBirthDay' by label 10.</msg>
<status status="PASS" starttime="20230530 08:18:06.728" endtime="20230530 08:18:06.851"/>
</kw>
<kw name="Sleep" library="BuiltIn">
<arg>1</arg>
<doc>Pauses the test executed for the given time.</doc>
<msg timestamp="20230530 08:18:07.865" level="INFO">Slept 1 second</msg>
<status status="PASS" starttime="20230530 08:18:06.852" endtime="20230530 08:18:07.865"/>
</kw>
<kw name="Select From List By Index" library="SeleniumLibrary">
<arg>DateOfBirthMonth</arg>
<arg>12</arg>
<doc>Selects options from selection list ``locator`` by ``indexes``.</doc>
<msg timestamp="20230530 08:18:07.867" level="INFO">Selecting options from selection list 'DateOfBirthMonth' by index 12.</msg>
<status status="PASS" starttime="20230530 08:18:07.865" endtime="20230530 08:18:08.128"/>
</kw>
<kw name="Sleep" library="BuiltIn">
<arg>1</arg>
<doc>Pauses the test executed for the given time.</doc>
<msg timestamp="20230530 08:18:09.140" level="INFO">Slept 1 second</msg>
<status status="PASS" starttime="20230530 08:18:08.128" endtime="20230530 08:18:09.140"/>
</kw>
<kw name="Select From List By Value" library="SeleniumLibrary">
<arg>DateOfBirthYear</arg>
<arg>2000</arg>
<doc>Selects options from selection list ``locator`` by ``values``.</doc>
<msg timestamp="20230530 08:18:09.142" level="INFO">Selecting options from selection list 'DateOfBirthYear' by value 2000.</msg>
<status status="PASS" starttime="20230530 08:18:09.140" endtime="20230530 08:18:09.222"/>
</kw>
<kw name="Sleep" library="BuiltIn">
<arg>1</arg>
<doc>Pauses the test executed for the given time.</doc>
<msg timestamp="20230530 08:18:10.225" level="INFO">Slept 1 second</msg>
<status status="PASS" starttime="20230530 08:18:09.223" endtime="20230530 08:18:10.225"/>
</kw>
<kw name="Close Browser" library="SeleniumLibrary">
<doc>Closes the current browser.</doc>
<status status="PASS" starttime="20230530 08:18:10.225" endtime="20230530 08:18:13.822"/>
</kw>
<status status="PASS" starttime="20230530 08:18:01.613" endtime="20230530 08:18:13.822"/>
</test>
<status status="PASS" starttime="20230530 08:18:01.381" endtime="20230530 08:18:13.823"/>
</suite>
<status status="PASS" starttime="20230530 08:18:01.363" endtime="20230530 08:18:13.825"/>
</suite>
<statistics>
<total>
<stat pass="1" fail="0" skip="0">All Tests</stat>
</total>
<tag>
</tag>
<suite>
<stat pass="1" fail="0" skip="0" id="s1" name="Suites">Suites</stat>
<stat pass="1" fail="0" skip="0" id="s1-s1" name="Dropdowns">Suites.Dropdowns</stat>
</suite>
</statistics>
<errors>
</errors>
</robot>
