<?xml version="1.0" encoding="UTF-8"?>
<robot generator="Robot 6.0.2 (Python 3.9.13 on win32)" generated="20230530 08:19:32.085" rpa="false" schemaversion="3">
<suite id="s1" name="Suites">
<suite id="s1-s1" name="TC01" source="D:\Robot\TestCases\TC01.robot">
<test id="s1-s1-t1" name="LoginTest" line="9">
<kw name="Open Browser" library="SeleniumLibrary">
<arg>${url}</arg>
<arg>${browser}</arg>
<doc>Opens a new browser instance to the optional ``url``.</doc>
<msg timestamp="20230530 08:19:32.328" level="INFO">Opening browser 'chrome' to base url 'https://demo.nopcommerce.com/'.</msg>
<msg timestamp="20230530 08:19:32.338" level="INFO">Applicable driver not found; attempting to install with Selenium Manager (Beta)</msg>
<status status="PASS" starttime="20230530 08:19:32.327" endtime="20230530 08:19:34.817"/>
</kw>
<kw name="loginToApplication">
<kw name="Click Link" library="SeleniumLibrary">
<arg>xpath://a[@class='ico-login']</arg>
<doc>Clicks a link identified by ``locator``.</doc>
<msg timestamp="20230530 08:19:34.818" level="INFO">Clicking link 'xpath://a[@class='ico-login']'.</msg>
<status status="PASS" starttime="20230530 08:19:34.818" endtime="20230530 08:19:35.680"/>
</kw>
<kw name="Input Text" library="SeleniumLibrary">
<arg>id:Email</arg>
<arg>test@gmail.com</arg>
<doc>Types the given ``text`` into the text field identified by ``locator``.</doc>
<msg timestamp="20230530 08:19:35.682" level="INFO">Typing text 'test@gmail.com' into text field 'id:Email'.</msg>
<status status="PASS" starttime="20230530 08:19:35.681" endtime="20230530 08:19:35.823"/>
</kw>
<kw name="Input Text" library="SeleniumLibrary">
<arg>id:Password</arg>
<arg>123456</arg>
<doc>Types the given ``text`` into the text field identified by ``locator``.</doc>
<msg timestamp="20230530 08:19:35.824" level="INFO">Typing text '123456' into text field 'id:Password'.</msg>
<status status="PASS" starttime="20230530 08:19:35.823" endtime="20230530 08:19:35.901"/>
</kw>
<kw name="Click Element" library="SeleniumLibrary">
<arg>xpath://button[text()='Log in']</arg>
<doc>Click the element identified by ``locator``.</doc>
<msg timestamp="20230530 08:19:35.902" level="INFO">Clicking element 'xpath://button[text()='Log in']'.</msg>
<status status="PASS" starttime="20230530 08:19:35.901" endtime="20230530 08:19:36.491"/>
</kw>
<status status="PASS" starttime="20230530 08:19:34.817" endtime="20230530 08:19:36.491"/>
</kw>
<kw name="Close Browser" library="SeleniumLibrary">
<doc>Closes the current browser.</doc>
<msg timestamp="20230530 08:19:36.569" level="ERROR">When closing browser, received exception: Execution terminated by signal</msg>
<msg timestamp="20230530 08:19:36.569" level="INFO">Cannot capture screenshot because no browser is open.</msg>
<status status="FAIL" starttime="20230530 08:19:36.492" endtime="20230530 08:19:36.569"/>
</kw>
<status status="FAIL" starttime="20230530 08:19:32.327" endtime="20230530 08:19:36.570">Execution terminated by signal</status>
</test>
<status status="FAIL" starttime="20230530 08:19:32.114" endtime="20230530 08:19:36.571"/>
</suite>
<status status="FAIL" starttime="20230530 08:19:32.094" endtime="20230530 08:19:36.572"/>
</suite>
<statistics>
<total>
<stat pass="0" fail="1" skip="0">All Tests</stat>
</total>
<tag>
</tag>
<suite>
<stat pass="0" fail="1" skip="0" id="s1" name="Suites">Suites</stat>
<stat pass="0" fail="1" skip="0" id="s1-s1" name="TC01">Suites.TC01</stat>
</suite>
</statistics>
<errors>
<msg timestamp="20230530 08:19:36.569" level="ERROR">When closing browser, received exception: Execution terminated by signal</msg>
</errors>
</robot>
