<?xml version="1.0" encoding="UTF-8"?>
<robot generator="Robot 6.0.2 (Python 3.9.13 on win32)" generated="20230530 08:18:18.565" rpa="false" schemaversion="3">
<suite id="s1" name="Suites">
<suite id="s1-s1" name="ImplicitWait" source="D:\Robot\TestCases\ImplicitWait.robot">
<test id="s1-s1-t1" name="RegTest" line="9">
<kw name="Open Browser" library="SeleniumLibrary">
<arg>${url}</arg>
<arg>${browser}</arg>
<doc>Opens a new browser instance to the optional ``url``.</doc>
<msg timestamp="20230530 08:18:18.883" level="INFO">Opening browser 'chrome' to base url 'https://demo.nopcommerce.com/'.</msg>
<msg timestamp="20230530 08:18:18.897" level="INFO">Applicable driver not found; attempting to install with Selenium Manager (Beta)</msg>
<status status="PASS" starttime="20230530 08:18:18.882" endtime="20230530 08:18:21.636"/>
</kw>
<kw name="Maximize Browser Window" library="SeleniumLibrary">
<doc>Maximizes current browser window.</doc>
<status status="PASS" starttime="20230530 08:18:21.636" endtime="20230530 08:18:21.749"/>
</kw>
<kw name="Title Should Be" library="SeleniumLibrary">
<arg>nopCommerce demo store</arg>
<doc>Verifies that the current page title equals ``title``.</doc>
<msg timestamp="20230530 08:18:21.754" level="INFO">Page title is 'nopCommerce demo store'.</msg>
<status status="PASS" starttime="20230530 08:18:21.749" endtime="20230530 08:18:21.754"/>
</kw>
<kw name="Click Link" library="SeleniumLibrary">
<arg>xpath://a[@class='ico-login']</arg>
<doc>Clicks a link identified by ``locator``.</doc>
<msg timestamp="20230530 08:18:21.755" level="INFO">Clicking link 'xpath://a[@class='ico-login']'.</msg>
<status status="PASS" starttime="20230530 08:18:21.754" endtime="20230530 08:18:22.137"/>
</kw>
<kw name="Input Text" library="SeleniumLibrary">
<arg>id:Email</arg>
<arg>test@gmail.com</arg>
<doc>Types the given ``text`` into the text field identified by ``locator``.</doc>
<msg timestamp="20230530 08:18:22.139" level="INFO">Typing text 'test@gmail.com' into text field 'id:Email'.</msg>
<status status="PASS" starttime="20230530 08:18:22.138" endtime="20230530 08:18:22.219"/>
</kw>
<kw name="Input Text" library="SeleniumLibrary">
<arg>id:Password</arg>
<arg>123456</arg>
<doc>Types the given ``text`` into the text field identified by ``locator``.</doc>
<msg timestamp="20230530 08:18:22.220" level="INFO">Typing text '123456' into text field 'id:Password'.</msg>
<status status="PASS" starttime="20230530 08:18:22.219" endtime="20230530 08:18:22.291"/>
</kw>
<kw name="Click Element" library="SeleniumLibrary">
<arg>xpath://button[text()='Log in']</arg>
<doc>Click the element identified by ``locator``.</doc>
<msg timestamp="20230530 08:18:22.292" level="INFO">Clicking element 'xpath://button[text()='Log in']'.</msg>
<status status="PASS" starttime="20230530 08:18:22.291" endtime="20230530 08:18:22.996"/>
</kw>
<kw name="Click Link" library="SeleniumLibrary">
<arg>xpath://a[@class='ico-account']</arg>
<doc>Clicks a link identified by ``locator``.</doc>
<msg timestamp="20230530 08:18:22.998" level="INFO">Clicking link 'xpath://a[@class='ico-account']'.</msg>
<status status="PASS" starttime="20230530 08:18:22.997" endtime="20230530 08:18:23.389"/>
</kw>
<kw name="Get Selenium Implicit Wait" library="SeleniumLibrary">
<var>${implicittime}</var>
<doc>Gets the implicit wait value used by Selenium.</doc>
<msg timestamp="20230530 08:18:23.390" level="INFO">${implicittime} = 0 seconds</msg>
<status status="PASS" starttime="20230530 08:18:23.390" endtime="20230530 08:18:23.390"/>
</kw>
<kw name="Log To Console" library="BuiltIn">
<arg>${implicittime}</arg>
<doc>Logs the given message to the console.</doc>
<status status="PASS" starttime="20230530 08:18:23.390" endtime="20230530 08:18:23.391"/>
</kw>
<kw name="Set Selenium Implicit Wait" library="SeleniumLibrary">
<arg>10</arg>
<doc>Sets the implicit wait value used by Selenium.</doc>
<status status="PASS" starttime="20230530 08:18:23.391" endtime="20230530 08:18:23.392"/>
</kw>
<kw name="Get Selenium Implicit Wait" library="SeleniumLibrary">
<var>${implicittime}</var>
<doc>Gets the implicit wait value used by Selenium.</doc>
<msg timestamp="20230530 08:18:23.393" level="INFO">${implicittime} = 10 seconds</msg>
<status status="PASS" starttime="20230530 08:18:23.392" endtime="20230530 08:18:23.393"/>
</kw>
<kw name="Log To Console" library="BuiltIn">
<arg>${implicittime}</arg>
<doc>Logs the given message to the console.</doc>
<status status="PASS" starttime="20230530 08:18:23.393" endtime="20230530 08:18:23.393"/>
</kw>
<kw name="Select Radio Button" library="SeleniumLibrary">
<arg>Gender2</arg>
<arg>M</arg>
<doc>Sets the radio button group ``group_name`` to ``value``.</doc>
<msg timestamp="20230530 08:18:23.394" level="INFO">Selecting 'M' from radio button 'Gender2'.</msg>
<msg timestamp="20230530 08:18:33.569" level="INFO" html="true">&lt;/td&gt;&lt;/tr&gt;&lt;tr&gt;&lt;td colspan="3"&gt;&lt;a href="selenium-screenshot-1.png"&gt;&lt;img src="selenium-screenshot-1.png" width="800px"&gt;&lt;/a&gt;</msg>
<msg timestamp="20230530 08:18:33.570" level="FAIL">No radio button with name 'Gender2' and value 'M' found.</msg>
<status status="FAIL" starttime="20230530 08:18:23.394" endtime="20230530 08:18:33.572"/>
</kw>
<kw name="Select Radio Button" library="SeleniumLibrary">
<arg>Gender</arg>
<arg>F</arg>
<doc>Sets the radio button group ``group_name`` to ``value``.</doc>
<status status="NOT RUN" starttime="20230530 08:18:33.573" endtime="20230530 08:18:33.573"/>
</kw>
<kw name="Select From List By Label" library="SeleniumLibrary">
<arg>DateOfBirthDay</arg>
<arg>10</arg>
<doc>Selects options from selection list ``locator`` by ``labels``.</doc>
<status status="NOT RUN" starttime="20230530 08:18:33.573" endtime="20230530 08:18:33.573"/>
</kw>
<kw name="Select From List By Index" library="SeleniumLibrary">
<arg>DateOfBirthMonth</arg>
<arg>12</arg>
<doc>Selects options from selection list ``locator`` by ``indexes``.</doc>
<status status="NOT RUN" starttime="20230530 08:18:33.574" endtime="20230530 08:18:33.574"/>
</kw>
<kw name="Select From List By Value" library="SeleniumLibrary">
<arg>DateOfBirthYear</arg>
<arg>2000</arg>
<doc>Selects options from selection list ``locator`` by ``values``.</doc>
<status status="NOT RUN" starttime="20230530 08:18:33.574" endtime="20230530 08:18:33.574"/>
</kw>
<kw name="Close Browser" library="SeleniumLibrary">
<doc>Closes the current browser.</doc>
<status status="NOT RUN" starttime="20230530 08:18:33.574" endtime="20230530 08:18:33.575"/>
</kw>
<status status="FAIL" starttime="20230530 08:18:18.881" endtime="20230530 08:18:33.575">No radio button with name 'Gender2' and value 'M' found.</status>
</test>
<status status="FAIL" starttime="20230530 08:18:18.610" endtime="20230530 08:18:33.578"/>
</suite>
<status status="FAIL" starttime="20230530 08:18:18.580" endtime="20230530 08:18:33.579"/>
</suite>
<statistics>
<total>
<stat pass="0" fail="1" skip="0">All Tests</stat>
</total>
<tag>
</tag>
<suite>
<stat pass="0" fail="1" skip="0" id="s1" name="Suites">Suites</stat>
<stat pass="0" fail="1" skip="0" id="s1-s1" name="ImplicitWait">Suites.ImplicitWait</stat>
</suite>
</statistics>
<errors>
</errors>
</robot>
