<?xml version="1.0" encoding="UTF-8"?>
<robot generator="Robot 6.0.2 (Python 3.9.13 on win32)" generated="20230530 08:18:16.053" rpa="false" schemaversion="3">
<suite id="s1" name="Suites">
<suite id="s1-s1" name="GetAllLink" source="D:\Robot\TestCases\GetAllLink.robot">
<test id="s1-s1-t1" name="LoginTest" line="9">
<kw name="Open Browser" library="SeleniumLibrary">
<arg>${url}</arg>
<arg>${browser}</arg>
<doc>Opens a new browser instance to the optional ``url``.</doc>
<msg timestamp="20230530 08:18:16.269" level="INFO">Opening browser 'chrome' to base url 'https://demo.nopcommerce.com/'.</msg>
<msg timestamp="20230530 08:18:16.279" level="INFO">Applicable driver not found; attempting to install with Selenium Manager (Beta)</msg>
<status status="PASS" starttime="20230530 08:18:16.268" endtime="20230530 08:18:18.892"/>
</kw>
<kw name="Maximize Browser Window" library="SeleniumLibrary">
<doc>Maximizes current browser window.</doc>
<status status="PASS" starttime="20230530 08:18:18.892" endtime="20230530 08:18:19.005"/>
</kw>
<kw name="Get Element Count" library="SeleniumLibrary">
<var>${AllLinkCount}</var>
<arg>xpath://a</arg>
<doc>Returns the number of elements matching ``locator``.</doc>
<msg timestamp="20230530 08:18:19.021" level="INFO">${AllLinkCount} = 90</msg>
<status status="PASS" starttime="20230530 08:18:19.005" endtime="20230530 08:18:19.021"/>
</kw>
<kw name="Log To Console" library="BuiltIn">
<arg>${AllLinkCount}</arg>
<doc>Logs the given message to the console.</doc>
<status status="PASS" starttime="20230530 08:18:19.021" endtime="20230530 08:18:19.022"/>
</kw>
<kw name="Create List" library="BuiltIn">
<var>@{LinkItems}</var>
<doc>Returns a list containing given items.</doc>
<msg timestamp="20230530 08:18:19.022" level="INFO">@{LinkItems} = [ ]</msg>
<status status="PASS" starttime="20230530 08:18:19.022" endtime="20230530 08:18:19.022"/>
</kw>
<for flavor="IN RANGE">
<var>${i}</var>
<value>1</value>
<value>${AllLinkCount}+1</value>
<iter>
<var name="${i}"/>
<kw name="Get Text" library="SeleniumLibrary">
<var>${LinkTest}</var>
<arg>xpath:(//a)[${i}]</arg>
<doc>Returns the text value of the element identified by ``locator``.</doc>
<status status="NOT RUN" starttime="20230530 08:18:19.023" endtime="20230530 08:18:19.023"/>
</kw>
<kw name="Log To Console" library="BuiltIn">
<arg>${LinkTest}</arg>
<doc>Logs the given message to the console.</doc>
<status status="NOT RUN" starttime="20230530 08:18:19.023" endtime="20230530 08:18:19.023"/>
</kw>
<kw name="Close Browser" library="SeleniumLibrary">
<doc>Closes the current browser.</doc>
<status status="NOT RUN" starttime="20230530 08:18:19.023" endtime="20230530 08:18:19.023"/>
</kw>
<status status="NOT RUN" starttime="20230530 08:18:19.022" endtime="20230530 08:18:19.023"/>
</iter>
<msg timestamp="20230530 08:18:19.023" level="FAIL">FOR loop must have closing END.</msg>
<status status="FAIL" starttime="20230530 08:18:19.022" endtime="20230530 08:18:19.024"/>
</for>
<status status="FAIL" starttime="20230530 08:18:16.268" endtime="20230530 08:18:19.024">FOR loop must have closing END.</status>
</test>
<status status="FAIL" starttime="20230530 08:18:16.079" endtime="20230530 08:18:19.024"/>
</suite>
<status status="FAIL" starttime="20230530 08:18:16.063" endtime="20230530 08:18:19.026"/>
</suite>
<statistics>
<total>
<stat pass="0" fail="1" skip="0">All Tests</stat>
</total>
<tag>
</tag>
<suite>
<stat pass="0" fail="1" skip="0" id="s1" name="Suites">Suites</stat>
<stat pass="0" fail="1" skip="0" id="s1-s1" name="GetAllLink">Suites.GetAllLink</stat>
</suite>
</statistics>
<errors>
</errors>
</robot>
