<?xml version="1.0" encoding="UTF-8"?>
<robot generator="Rebot 6.0.2 (Python 3.9.13 on win32)" generated="20230530 08:20:46.784" rpa="false" schemaversion="3">
<suite id="s1" name="Suites">
<suite id="s1-s1" name="DDT2 Csv" source="D:\Robot\Parallel\DDT2_Csv.robot">
<kw name="Open My Browser" library="login_resources" type="SETUP">
<kw name="Open Browser" library="SeleniumLibrary">
<arg>${LOGIN URL}</arg>
<arg>${browser}</arg>
<doc>Opens a new browser instance to the optional ``url``.</doc>
<msg timestamp="20230530 08:20:34.823" level="INFO">Opening browser 'chrome' to base url 'https://demo.nopcommerce.com/login'.</msg>
<msg timestamp="20230530 08:20:34.834" level="INFO">Applicable driver not found; attempting to install with Selenium Manager (Beta)</msg>
<status status="PASS" starttime="20230530 08:20:34.822" endtime="20230530 08:20:37.334"/>
</kw>
<status status="PASS" starttime="20230530 08:20:34.822" endtime="20230530 08:20:37.335"/>
</kw>
<test id="s1-s1-t1" name="LoginTestwithExel using admin@gmail.com and admin" line="14">
<kw name="Invalid login">
<arg>admin@gmail.com</arg>
<arg>admin</arg>
<kw name="Input username" library="login_resources">
<arg>${username}</arg>
<kw name="Input Text" library="SeleniumLibrary">
<arg>id:Email</arg>
<arg>${username}</arg>
<doc>Types the given ``text`` into the text field identified by ``locator``.</doc>
<msg timestamp="20230530 08:20:37.338" level="INFO">Typing text 'admin@gmail.com' into text field 'id:Email'.</msg>
<status status="PASS" starttime="20230530 08:20:37.337" endtime="20230530 08:20:37.422"/>
</kw>
<status status="PASS" starttime="20230530 08:20:37.337" endtime="20230530 08:20:37.423"/>
</kw>
<kw name="Input password" library="login_resources">
<arg>${password}</arg>
<kw name="Input Text" library="SeleniumLibrary">
<arg>id:Password</arg>
<arg>${password}</arg>
<doc>Types the given ``text`` into the text field identified by ``locator``.</doc>
<msg timestamp="20230530 08:20:37.424" level="INFO">Typing text 'admin' into text field 'id:Password'.</msg>
<status status="PASS" starttime="20230530 08:20:37.423" endtime="20230530 08:20:37.497"/>
</kw>
<status status="PASS" starttime="20230530 08:20:37.423" endtime="20230530 08:20:37.497"/>
</kw>
<kw name="Click login button" library="login_resources">
<kw name="Click Element" library="SeleniumLibrary">
<arg>xpath://button[text()='Log in']</arg>
<doc>Click the element identified by ``locator``.</doc>
<msg timestamp="20230530 08:20:37.499" level="INFO">Clicking element 'xpath://button[text()='Log in']'.</msg>
<status status="PASS" starttime="20230530 08:20:37.499" endtime="20230530 08:20:38.332"/>
</kw>
<status status="PASS" starttime="20230530 08:20:37.498" endtime="20230530 08:20:38.333"/>
</kw>
<kw name="Error message should be visible" library="login_resources">
<kw name="Page Should Contain" library="SeleniumLibrary">
<arg>Login was unsuccessful</arg>
<doc>Verifies that current page contains ``text``.</doc>
<msg timestamp="20230530 08:20:38.349" level="INFO">Current page contains text 'Login was unsuccessful'.</msg>
<status status="PASS" starttime="20230530 08:20:38.334" endtime="20230530 08:20:38.349"/>
</kw>
<status status="PASS" starttime="20230530 08:20:38.333" endtime="20230530 08:20:38.350"/>
</kw>
<status status="PASS" starttime="20230530 08:20:37.336" endtime="20230530 08:20:38.350"/>
</kw>
<status status="PASS" starttime="20230530 08:20:37.335" endtime="20230530 08:20:38.350"/>
</test>
<test id="s1-s1-t2" name="LoginTestwithExel using adm@gmail.com and admin" line="14">
<kw name="Invalid login">
<arg>adm@gmail.com</arg>
<arg>admin</arg>
<kw name="Input username" library="login_resources">
<arg>${username}</arg>
<kw name="Input Text" library="SeleniumLibrary">
<arg>id:Email</arg>
<arg>${username}</arg>
<doc>Types the given ``text`` into the text field identified by ``locator``.</doc>
<msg timestamp="20230530 08:20:38.353" level="INFO">Typing text 'adm@gmail.com' into text field 'id:Email'.</msg>
<status status="PASS" starttime="20230530 08:20:38.353" endtime="20230530 08:20:38.425"/>
</kw>
<status status="PASS" starttime="20230530 08:20:38.352" endtime="20230530 08:20:38.426"/>
</kw>
<kw name="Input password" library="login_resources">
<arg>${password}</arg>
<kw name="Input Text" library="SeleniumLibrary">
<arg>id:Password</arg>
<arg>${password}</arg>
<doc>Types the given ``text`` into the text field identified by ``locator``.</doc>
<msg timestamp="20230530 08:20:38.427" level="INFO">Typing text 'admin' into text field 'id:Password'.</msg>
<status status="PASS" starttime="20230530 08:20:38.426" endtime="20230530 08:20:38.490"/>
</kw>
<status status="PASS" starttime="20230530 08:20:38.426" endtime="20230530 08:20:38.490"/>
</kw>
<kw name="Click login button" library="login_resources">
<kw name="Click Element" library="SeleniumLibrary">
<arg>xpath://button[text()='Log in']</arg>
<doc>Click the element identified by ``locator``.</doc>
<msg timestamp="20230530 08:20:38.491" level="INFO">Clicking element 'xpath://button[text()='Log in']'.</msg>
<status status="PASS" starttime="20230530 08:20:38.491" endtime="20230530 08:20:38.829"/>
</kw>
<status status="PASS" starttime="20230530 08:20:38.490" endtime="20230530 08:20:38.829"/>
</kw>
<kw name="Error message should be visible" library="login_resources">
<kw name="Page Should Contain" library="SeleniumLibrary">
<arg>Login was unsuccessful</arg>
<doc>Verifies that current page contains ``text``.</doc>
<msg timestamp="20230530 08:20:38.841" level="INFO">Current page contains text 'Login was unsuccessful'.</msg>
<status status="PASS" starttime="20230530 08:20:38.830" endtime="20230530 08:20:38.841"/>
</kw>
<status status="PASS" starttime="20230530 08:20:38.830" endtime="20230530 08:20:38.841"/>
</kw>
<status status="PASS" starttime="20230530 08:20:38.352" endtime="20230530 08:20:38.841"/>
</kw>
<status status="PASS" starttime="20230530 08:20:38.351" endtime="20230530 08:20:38.841"/>
</test>
<test id="s1-s1-t3" name="LoginTestwithExel using admin@gmail.com and adm" line="14">
<kw name="Invalid login">
<arg>admin@gmail.com</arg>
<arg>adm</arg>
<kw name="Input username" library="login_resources">
<arg>${username}</arg>
<kw name="Input Text" library="SeleniumLibrary">
<arg>id:Email</arg>
<arg>${username}</arg>
<doc>Types the given ``text`` into the text field identified by ``locator``.</doc>
<msg timestamp="20230530 08:20:38.845" level="INFO">Typing text 'admin@gmail.com' into text field 'id:Email'.</msg>
<status status="PASS" starttime="20230530 08:20:38.844" endtime="20230530 08:20:38.911"/>
</kw>
<status status="PASS" starttime="20230530 08:20:38.844" endtime="20230530 08:20:38.911"/>
</kw>
<kw name="Input password" library="login_resources">
<arg>${password}</arg>
<kw name="Input Text" library="SeleniumLibrary">
<arg>id:Password</arg>
<arg>${password}</arg>
<doc>Types the given ``text`` into the text field identified by ``locator``.</doc>
<msg timestamp="20230530 08:20:38.912" level="INFO">Typing text 'adm' into text field 'id:Password'.</msg>
<status status="PASS" starttime="20230530 08:20:38.911" endtime="20230530 08:20:38.974"/>
</kw>
<status status="PASS" starttime="20230530 08:20:38.911" endtime="20230530 08:20:38.974"/>
</kw>
<kw name="Click login button" library="login_resources">
<kw name="Click Element" library="SeleniumLibrary">
<arg>xpath://button[text()='Log in']</arg>
<doc>Click the element identified by ``locator``.</doc>
<msg timestamp="20230530 08:20:38.975" level="INFO">Clicking element 'xpath://button[text()='Log in']'.</msg>
<status status="PASS" starttime="20230530 08:20:38.974" endtime="20230530 08:20:39.260"/>
</kw>
<status status="PASS" starttime="20230530 08:20:38.974" endtime="20230530 08:20:39.261"/>
</kw>
<kw name="Error message should be visible" library="login_resources">
<kw name="Page Should Contain" library="SeleniumLibrary">
<arg>Login was unsuccessful</arg>
<doc>Verifies that current page contains ``text``.</doc>
<msg timestamp="20230530 08:20:39.329" level="INFO">Current page contains text 'Login was unsuccessful'.</msg>
<status status="PASS" starttime="20230530 08:20:39.263" endtime="20230530 08:20:39.329"/>
</kw>
<status status="PASS" starttime="20230530 08:20:39.262" endtime="20230530 08:20:39.330"/>
</kw>
<status status="PASS" starttime="20230530 08:20:38.844" endtime="20230530 08:20:39.330"/>
</kw>
<status status="PASS" starttime="20230530 08:20:38.842" endtime="20230530 08:20:39.330"/>
</test>
<kw name="Close Browser" library="login_resources" type="TEARDOWN">
<kw name="Close All Browsers" library="SeleniumLibrary">
<doc>Closes all open browsers and resets the browser cache.</doc>
<status status="PASS" starttime="20230530 08:20:39.331" endtime="20230530 08:20:45.466"/>
</kw>
<status status="PASS" starttime="20230530 08:20:39.331" endtime="20230530 08:20:45.467"/>
</kw>
<status status="PASS" starttime="20230530 08:20:34.606" endtime="20230530 08:20:45.467"/>
</suite>
<suite id="s1-s2" name="DDT2 Excel" source="D:\Robot\Parallel\DDT2_Excel.robot">
<kw name="Open My Browser" library="login_resources" type="SETUP">
<kw name="Open Browser" library="SeleniumLibrary">
<arg>${LOGIN URL}</arg>
<arg>${browser}</arg>
<doc>Opens a new browser instance to the optional ``url``.</doc>
<msg timestamp="20230530 08:20:35.583" level="INFO">Opening browser 'chrome' to base url 'https://demo.nopcommerce.com/login'.</msg>
<msg timestamp="20230530 08:20:35.597" level="INFO">Applicable driver not found; attempting to install with Selenium Manager (Beta)</msg>
<status status="PASS" starttime="20230530 08:20:35.582" endtime="20230530 08:20:38.305"/>
</kw>
<status status="PASS" starttime="20230530 08:20:35.581" endtime="20230530 08:20:38.306"/>
</kw>
<test id="s1-s2-t1" name="LoginTestwithExel using admin@gmail.com and admin" line="14">
<kw name="Invalid login">
<arg>admin@gmail.com</arg>
<arg>admin</arg>
<kw name="Input username" library="login_resources">
<arg>${username}</arg>
<kw name="Input Text" library="SeleniumLibrary">
<arg>id:Email</arg>
<arg>${username}</arg>
<doc>Types the given ``text`` into the text field identified by ``locator``.</doc>
<msg timestamp="20230530 08:20:38.310" level="INFO">Typing text 'admin@gmail.com' into text field 'id:Email'.</msg>
<status status="PASS" starttime="20230530 08:20:38.309" endtime="20230530 08:20:38.403"/>
</kw>
<status status="PASS" starttime="20230530 08:20:38.308" endtime="20230530 08:20:38.404"/>
</kw>
<kw name="Input password" library="login_resources">
<arg>${password}</arg>
<kw name="Input Text" library="SeleniumLibrary">
<arg>id:Password</arg>
<arg>${password}</arg>
<doc>Types the given ``text`` into the text field identified by ``locator``.</doc>
<msg timestamp="20230530 08:20:38.405" level="INFO">Typing text 'admin' into text field 'id:Password'.</msg>
<status status="PASS" starttime="20230530 08:20:38.404" endtime="20230530 08:20:38.481"/>
</kw>
<status status="PASS" starttime="20230530 08:20:38.404" endtime="20230530 08:20:38.481"/>
</kw>
<kw name="Click login button" library="login_resources">
<kw name="Click Element" library="SeleniumLibrary">
<arg>xpath://button[text()='Log in']</arg>
<doc>Click the element identified by ``locator``.</doc>
<msg timestamp="20230530 08:20:38.483" level="INFO">Clicking element 'xpath://button[text()='Log in']'.</msg>
<status status="PASS" starttime="20230530 08:20:38.482" endtime="20230530 08:20:39.338"/>
</kw>
<status status="PASS" starttime="20230530 08:20:38.482" endtime="20230530 08:20:39.339"/>
</kw>
<kw name="Error message should be visible" library="login_resources">
<kw name="Page Should Contain" library="SeleniumLibrary">
<arg>Login was unsuccessful</arg>
<doc>Verifies that current page contains ``text``.</doc>
<msg timestamp="20230530 08:20:39.359" level="INFO">Current page contains text 'Login was unsuccessful'.</msg>
<status status="PASS" starttime="20230530 08:20:39.340" endtime="20230530 08:20:39.359"/>
</kw>
<status status="PASS" starttime="20230530 08:20:39.339" endtime="20230530 08:20:39.359"/>
</kw>
<status status="PASS" starttime="20230530 08:20:38.307" endtime="20230530 08:20:39.359"/>
</kw>
<status status="PASS" starttime="20230530 08:20:38.306" endtime="20230530 08:20:39.359"/>
</test>
<test id="s1-s2-t2" name="LoginTestwithExel using admin@gmail.com and admin" line="14">
<kw name="Invalid login">
<arg>admin@gmail.com</arg>
<arg>admin</arg>
<kw name="Input username" library="login_resources">
<arg>${username}</arg>
<kw name="Input Text" library="SeleniumLibrary">
<arg>id:Email</arg>
<arg>${username}</arg>
<doc>Types the given ``text`` into the text field identified by ``locator``.</doc>
<msg timestamp="20230530 08:20:39.365" level="INFO">Typing text 'admin@gmail.com' into text field 'id:Email'.</msg>
<status status="PASS" starttime="20230530 08:20:39.364" endtime="20230530 08:20:39.440"/>
</kw>
<status status="PASS" starttime="20230530 08:20:39.363" endtime="20230530 08:20:39.440"/>
</kw>
<kw name="Input password" library="login_resources">
<arg>${password}</arg>
<kw name="Input Text" library="SeleniumLibrary">
<arg>id:Password</arg>
<arg>${password}</arg>
<doc>Types the given ``text`` into the text field identified by ``locator``.</doc>
<msg timestamp="20230530 08:20:39.441" level="INFO">Typing text 'admin' into text field 'id:Password'.</msg>
<status status="PASS" starttime="20230530 08:20:39.441" endtime="20230530 08:20:39.505"/>
</kw>
<status status="PASS" starttime="20230530 08:20:39.440" endtime="20230530 08:20:39.505"/>
</kw>
<kw name="Click login button" library="login_resources">
<kw name="Click Element" library="SeleniumLibrary">
<arg>xpath://button[text()='Log in']</arg>
<doc>Click the element identified by ``locator``.</doc>
<msg timestamp="20230530 08:20:39.506" level="INFO">Clicking element 'xpath://button[text()='Log in']'.</msg>
<status status="PASS" starttime="20230530 08:20:39.506" endtime="20230530 08:20:39.814"/>
</kw>
<status status="PASS" starttime="20230530 08:20:39.505" endtime="20230530 08:20:39.814"/>
</kw>
<kw name="Error message should be visible" library="login_resources">
<kw name="Page Should Contain" library="SeleniumLibrary">
<arg>Login was unsuccessful</arg>
<doc>Verifies that current page contains ``text``.</doc>
<msg timestamp="20230530 08:20:39.826" level="INFO">Current page contains text 'Login was unsuccessful'.</msg>
<status status="PASS" starttime="20230530 08:20:39.815" endtime="20230530 08:20:39.826"/>
</kw>
<status status="PASS" starttime="20230530 08:20:39.814" endtime="20230530 08:20:39.826"/>
</kw>
<status status="PASS" starttime="20230530 08:20:39.363" endtime="20230530 08:20:39.826"/>
</kw>
<status status="PASS" starttime="20230530 08:20:39.360" endtime="20230530 08:20:39.827"/>
</test>
<test id="s1-s2-t3" name="LoginTestwithExel using adm@gmail.com and adm" line="14">
<kw name="Invalid login">
<arg>adm@gmail.com</arg>
<arg>adm</arg>
<kw name="Input username" library="login_resources">
<arg>${username}</arg>
<kw name="Input Text" library="SeleniumLibrary">
<arg>id:Email</arg>
<arg>${username}</arg>
<doc>Types the given ``text`` into the text field identified by ``locator``.</doc>
<msg timestamp="20230530 08:20:39.830" level="INFO">Typing text 'adm@gmail.com' into text field 'id:Email'.</msg>
<status status="PASS" starttime="20230530 08:20:39.830" endtime="20230530 08:20:39.899"/>
</kw>
<status status="PASS" starttime="20230530 08:20:39.829" endtime="20230530 08:20:39.899"/>
</kw>
<kw name="Input password" library="login_resources">
<arg>${password}</arg>
<kw name="Input Text" library="SeleniumLibrary">
<arg>id:Password</arg>
<arg>${password}</arg>
<doc>Types the given ``text`` into the text field identified by ``locator``.</doc>
<msg timestamp="20230530 08:20:39.901" level="INFO">Typing text 'adm' into text field 'id:Password'.</msg>
<status status="PASS" starttime="20230530 08:20:39.900" endtime="20230530 08:20:39.960"/>
</kw>
<status status="PASS" starttime="20230530 08:20:39.900" endtime="20230530 08:20:39.961"/>
</kw>
<kw name="Click login button" library="login_resources">
<kw name="Click Element" library="SeleniumLibrary">
<arg>xpath://button[text()='Log in']</arg>
<doc>Click the element identified by ``locator``.</doc>
<msg timestamp="20230530 08:20:39.962" level="INFO">Clicking element 'xpath://button[text()='Log in']'.</msg>
<status status="PASS" starttime="20230530 08:20:39.961" endtime="20230530 08:20:40.291"/>
</kw>
<status status="PASS" starttime="20230530 08:20:39.961" endtime="20230530 08:20:40.292"/>
</kw>
<kw name="Error message should be visible" library="login_resources">
<kw name="Page Should Contain" library="SeleniumLibrary">
<arg>Login was unsuccessful</arg>
<doc>Verifies that current page contains ``text``.</doc>
<msg timestamp="20230530 08:20:40.304" level="INFO">Current page contains text 'Login was unsuccessful'.</msg>
<status status="PASS" starttime="20230530 08:20:40.292" endtime="20230530 08:20:40.304"/>
</kw>
<status status="PASS" starttime="20230530 08:20:40.292" endtime="20230530 08:20:40.304"/>
</kw>
<status status="PASS" starttime="20230530 08:20:39.829" endtime="20230530 08:20:40.304"/>
</kw>
<status status="PASS" starttime="20230530 08:20:39.828" endtime="20230530 08:20:40.304"/>
</test>
<kw name="Close Browser" library="login_resources" type="TEARDOWN">
<kw name="Close All Browsers" library="SeleniumLibrary">
<doc>Closes all open browsers and resets the browser cache.</doc>
<status status="PASS" starttime="20230530 08:20:40.305" endtime="20230530 08:20:46.459"/>
</kw>
<status status="PASS" starttime="20230530 08:20:40.305" endtime="20230530 08:20:46.460"/>
</kw>
<status status="PASS" starttime="20230530 08:20:34.606" endtime="20230530 08:20:46.460"/>
</suite>
<doc>[https://pabot.org/?ref=log|Pabot] result from 2 executions.</doc>
<status status="PASS" starttime="20230530 08:20:34.585" endtime="20230530 08:20:46.463"/>
</suite>
<statistics>
<total>
<stat pass="6" fail="0" skip="0">All Tests</stat>
</total>
<tag>
</tag>
<suite>
<stat pass="6" fail="0" skip="0" id="s1" name="Suites">Suites</stat>
<stat pass="3" fail="0" skip="0" id="s1-s1" name="DDT2 Csv">Suites.DDT2 Csv</stat>
<stat pass="3" fail="0" skip="0" id="s1-s2" name="DDT2 Excel">Suites.DDT2 Excel</stat>
</suite>
</statistics>
<errors>
<msg timestamp="20230530 08:20:39.360" level="WARN">Multiple tests with name 'LoginTestwithExel using admin@gmail.com and admin' executed in suite 'Suites.DDT2 Excel'.</msg>
</errors>
</robot>
